K:  20
2013-08-26 11:21:16.304070 : Reading X,y from data/y_X_churn_K_20.csv
2013-08-26 11:21:16.457072 : Done reading
Number of features (3182, 45)
(DecisionTreeClassifier(compute_importances=False, criterion='gini',
            max_depth=None, max_features=None, min_density=0.1,
            min_samples_leaf=1, min_samples_split=1, random_state=None), 'DT')
2013-08-26 11:21:16.457441 : Performing classification
2013-08-26 11:21:16.457455 : Fetching cv params
2013-08-26 11:21:16.457481 : Returning cv params
2013-08-26 11:21:16.457487 : {'DT': {'compute_importances': [True], 'min_samples_leaf': array([100, 110, 120, 130, 140, 150, 160, 170, 180, 190, 200, 210, 220,
       230, 240, 250, 260, 270, 280, 290, 300, 310])}, 'RF': {'compute_importances': [True], 'min_samples_leaf': array([100, 110, 120, 130, 140, 150, 160, 170, 180, 190, 200, 210, 220,
       230, 240, 250, 260, 270, 280, 290, 300, 310])}, 'LR': {'penalty': ['l1', 'l2'], 'C': [0.0625, 0.125, 0.25, 0.5, 1.0, 2.0, 4.0, 8.0, 16.0]}, 'SVC': {'C': [0.0625, 0.125, 0.25, 0.5, 1.0, 2.0, 4.0, 8.0, 16.0], 'gamma': [0.0625, 0.125, 0.25, 0.5, 1.0, 2.0, 4.0, 8.0, 16.0]}, 'LinSVC': {'C': [0.0625, 0.125, 0.25, 0.5, 1.0, 2.0, 4.0, 8.0, 16.0]}}
2013-08-26 11:21:16.463091 : DecisionTreeClassifier(compute_importances=False, criterion=gini,
            max_depth=None, max_features=None, min_density=0.1,
            min_samples_leaf=1, min_samples_split=1, random_state=None)
2013-08-26 11:21:16.463252 : Running CV
2013-08-26 11:21:16.785645 : Done running CV
Mean 0.635774136945 Standard Deviation 0.0257899467474
2013-08-26 11:21:16.785827 : Done performing classification
[ 0.61755486  0.62068966  0.66666667  0.66037736  0.59119497  0.66981132
  0.66037736  0.61320755  0.63836478  0.61949686]
K:  19
2013-08-26 11:21:16.786226 : Reading X,y from data/y_X_churn_K_19.csv
2013-08-26 11:21:16.933500 : Done reading
Number of features (3486, 44)
(DecisionTreeClassifier(compute_importances=False, criterion='gini',
            max_depth=None, max_features=None, min_density=0.1,
            min_samples_leaf=1, min_samples_split=1, random_state=None), 'DT')
2013-08-26 11:21:16.933887 : Performing classification
2013-08-26 11:21:16.933900 : Fetching cv params
2013-08-26 11:21:16.933931 : Returning cv params
2013-08-26 11:21:16.933937 : {'DT': {'compute_importances': [True], 'min_samples_leaf': array([100, 110, 120, 130, 140, 150, 160, 170, 180, 190, 200, 210, 220,
       230, 240, 250, 260, 270, 280, 290, 300, 310, 320, 330, 340])}, 'RF': {'compute_importances': [True], 'min_samples_leaf': array([100, 110, 120, 130, 140, 150, 160, 170, 180, 190, 200, 210, 220,
       230, 240, 250, 260, 270, 280, 290, 300, 310, 320, 330, 340])}, 'LR': {'penalty': ['l1', 'l2'], 'C': [0.0625, 0.125, 0.25, 0.5, 1.0, 2.0, 4.0, 8.0, 16.0]}, 'SVC': {'C': [0.0625, 0.125, 0.25, 0.5, 1.0, 2.0, 4.0, 8.0, 16.0], 'gamma': [0.0625, 0.125, 0.25, 0.5, 1.0, 2.0, 4.0, 8.0, 16.0]}, 'LinSVC': {'C': [0.0625, 0.125, 0.25, 0.5, 1.0, 2.0, 4.0, 8.0, 16.0]}}
2013-08-26 11:21:16.940048 : DecisionTreeClassifier(compute_importances=False, criterion=gini,
            max_depth=None, max_features=None, min_density=0.1,
            min_samples_leaf=1, min_samples_split=1, random_state=None)
2013-08-26 11:21:16.940204 : Running CV
2013-08-26 11:21:17.261467 : Done running CV
Mean 0.624217797978 Standard Deviation 0.0131924741277
2013-08-26 11:21:17.261650 : Done performing classification
[ 0.61604585  0.59312321  0.62464183  0.63037249  0.62464183  0.63323782
  0.61494253  0.63505747  0.64367816  0.62643678]
K:  18
2013-08-26 11:21:17.262043 : Reading X,y from data/y_X_churn_K_18.csv
2013-08-26 11:21:17.443757 : Done reading
Number of features (3902, 43)
(DecisionTreeClassifier(compute_importances=False, criterion='gini',
            max_depth=None, max_features=None, min_density=0.1,
            min_samples_leaf=1, min_samples_split=1, random_state=None), 'DT')
2013-08-26 11:21:17.444173 : Performing classification
2013-08-26 11:21:17.444190 : Fetching cv params
2013-08-26 11:21:17.444222 : Returning cv params
2013-08-26 11:21:17.444228 : {'DT': {'compute_importances': [True], 'min_samples_leaf': array([100, 110, 120, 130, 140, 150, 160, 170, 180, 190, 200, 210, 220,
       230, 240, 250, 260, 270, 280, 290, 300, 310, 320, 330, 340, 350,
       360, 370, 380])}, 'RF': {'compute_importances': [True], 'min_samples_leaf': array([100, 110, 120, 130, 140, 150, 160, 170, 180, 190, 200, 210, 220,
       230, 240, 250, 260, 270, 280, 290, 300, 310, 320, 330, 340, 350,
       360, 370, 380])}, 'LR': {'penalty': ['l1', 'l2'], 'C': [0.0625, 0.125, 0.25, 0.5, 1.0, 2.0, 4.0, 8.0, 16.0]}, 'SVC': {'C': [0.0625, 0.125, 0.25, 0.5, 1.0, 2.0, 4.0, 8.0, 16.0], 'gamma': [0.0625, 0.125, 0.25, 0.5, 1.0, 2.0, 4.0, 8.0, 16.0]}, 'LinSVC': {'C': [0.0625, 0.125, 0.25, 0.5, 1.0, 2.0, 4.0, 8.0, 16.0]}}
2013-08-26 11:21:17.451030 : DecisionTreeClassifier(compute_importances=False, criterion=gini,
            max_depth=None, max_features=None, min_density=0.1,
            min_samples_leaf=1, min_samples_split=1, random_state=None)
2013-08-26 11:21:17.451185 : Running CV
2013-08-26 11:21:17.772699 : Done running CV
Mean 0.631219096334 Standard Deviation 0.0386124638295
2013-08-26 11:21:17.772874 : Done performing classification
[ 0.62404092  0.62148338  0.62820513  0.62051282  0.6         0.65128205
  0.67692308  0.63846154  0.55128205  0.7       ]
K:  17
2013-08-26 11:21:17.773267 : Reading X,y from data/y_X_churn_K_17.csv
2013-08-26 11:21:17.974023 : Done reading
Number of features (4194, 42)
(DecisionTreeClassifier(compute_importances=False, criterion='gini',
            max_depth=None, max_features=None, min_density=0.1,
            min_samples_leaf=1, min_samples_split=1, random_state=None), 'DT')
2013-08-26 11:21:17.974436 : Performing classification
2013-08-26 11:21:17.974451 : Fetching cv params
2013-08-26 11:21:17.974482 : Returning cv params
2013-08-26 11:21:17.974489 : {'DT': {'compute_importances': [True], 'min_samples_leaf': array([100, 110, 120, 130, 140, 150, 160, 170, 180, 190, 200, 210, 220,
       230, 240, 250, 260, 270, 280, 290, 300, 310, 320, 330, 340, 350,
       360, 370, 380, 390, 400, 410])}, 'RF': {'compute_importances': [True], 'min_samples_leaf': array([100, 110, 120, 130, 140, 150, 160, 170, 180, 190, 200, 210, 220,
       230, 240, 250, 260, 270, 280, 290, 300, 310, 320, 330, 340, 350,
       360, 370, 380, 390, 400, 410])}, 'LR': {'penalty': ['l1', 'l2'], 'C': [0.0625, 0.125, 0.25, 0.5, 1.0, 2.0, 4.0, 8.0, 16.0]}, 'SVC': {'C': [0.0625, 0.125, 0.25, 0.5, 1.0, 2.0, 4.0, 8.0, 16.0], 'gamma': [0.0625, 0.125, 0.25, 0.5, 1.0, 2.0, 4.0, 8.0, 16.0]}, 'LinSVC': {'C': [0.0625, 0.125, 0.25, 0.5, 1.0, 2.0, 4.0, 8.0, 16.0]}}
2013-08-26 11:21:17.982198 : DecisionTreeClassifier(compute_importances=False, criterion=gini,
            max_depth=None, max_features=None, min_density=0.1,
            min_samples_leaf=1, min_samples_split=1, random_state=None)
2013-08-26 11:21:17.982353 : Running CV
2013-08-26 11:21:18.303903 : Done running CV
Mean 0.633768610069 Standard Deviation 0.0238864660664
2013-08-26 11:21:18.304067 : Done performing classification
[ 0.59047619  0.63571429  0.61904762  0.66428571  0.64677804  0.66587112
  0.59904535  0.64200477  0.62768496  0.64677804]
K:  16
2013-08-26 11:21:18.304579 : Reading X,y from data/y_X_churn_K_16.csv
2013-08-26 11:21:18.527760 : Done reading
Number of features (4830, 41)
(DecisionTreeClassifier(compute_importances=False, criterion='gini',
            max_depth=None, max_features=None, min_density=0.1,
            min_samples_leaf=1, min_samples_split=1, random_state=None), 'DT')
2013-08-26 11:21:18.528202 : Performing classification
2013-08-26 11:21:18.528217 : Fetching cv params
2013-08-26 11:21:18.528248 : Returning cv params
2013-08-26 11:21:18.528255 : {'DT': {'compute_importances': [True], 'min_samples_leaf': array([100, 110, 120, 130, 140, 150, 160, 170, 180, 190, 200, 210, 220,
       230, 240, 250, 260, 270, 280, 290, 300, 310, 320, 330, 340, 350,
       360, 370, 380, 390, 400, 410, 420, 430, 440, 450, 460, 470, 480])}, 'RF': {'compute_importances': [True], 'min_samples_leaf': array([100, 110, 120, 130, 140, 150, 160, 170, 180, 190, 200, 210, 220,
       230, 240, 250, 260, 270, 280, 290, 300, 310, 320, 330, 340, 350,
       360, 370, 380, 390, 400, 410, 420, 430, 440, 450, 460, 470, 480])}, 'LR': {'penalty': ['l1', 'l2'], 'C': [0.0625, 0.125, 0.25, 0.5, 1.0, 2.0, 4.0, 8.0, 16.0]}, 'SVC': {'C': [0.0625, 0.125, 0.25, 0.5, 1.0, 2.0, 4.0, 8.0, 16.0], 'gamma': [0.0625, 0.125, 0.25, 0.5, 1.0, 2.0, 4.0, 8.0, 16.0]}, 'LinSVC': {'C': [0.0625, 0.125, 0.25, 0.5, 1.0, 2.0, 4.0, 8.0, 16.0]}}
2013-08-26 11:21:18.537282 : DecisionTreeClassifier(compute_importances=False, criterion=gini,
            max_depth=None, max_features=None, min_density=0.1,
            min_samples_leaf=1, min_samples_split=1, random_state=None)
2013-08-26 11:21:18.537438 : Running CV
2013-08-26 11:21:18.960967 : Done running CV
Mean 0.626086956522 Standard Deviation 0.0172775536605
2013-08-26 11:21:18.961140 : Done performing classification
[ 0.61904762  0.63561077  0.63561077  0.58799172  0.6252588   0.64803313
  0.65010352  0.61076605  0.62318841  0.6252588 ]
K:  5
2013-08-26 11:21:18.961537 : Reading X,y from data/y_X_churn_K_5.csv
2013-08-26 11:21:20.054790 : Done reading
Number of features (32446, 30)
(DecisionTreeClassifier(compute_importances=False, criterion='gini',
            max_depth=None, max_features=None, min_density=0.1,
            min_samples_leaf=1, min_samples_split=1, random_state=None), 'DT')
2013-08-26 11:21:20.057315 : Performing classification
2013-08-26 11:21:20.057347 : Fetching cv params
2013-08-26 11:21:20.057381 : Returning cv params
2013-08-26 11:21:20.057388 : {'DT': {'compute_importances': [True], 'min_samples_leaf': array([ 100,  110,  120,  130,  140,  150,  160,  170,  180,  190,  200,
        210,  220,  230,  240,  250,  260,  270,  280,  290,  300,  310,
        320,  330,  340,  350,  360,  370,  380,  390,  400,  410,  420,
        430,  440,  450,  460,  470,  480,  490,  500,  510,  520,  530,
        540,  550,  560,  570,  580,  590,  600,  610,  620,  630,  640,
        650,  660,  670,  680,  690,  700,  710,  720,  730,  740,  750,
        760,  770,  780,  790,  800,  810,  820,  830,  840,  850,  860,
        870,  880,  890,  900,  910,  920,  930,  940,  950,  960,  970,
        980,  990, 1000, 1010, 1020, 1030, 1040, 1050, 1060, 1070, 1080,
       1090, 1100, 1110, 1120, 1130, 1140, 1150, 1160, 1170, 1180, 1190,
       1200, 1210, 1220, 1230, 1240, 1250, 1260, 1270, 1280, 1290, 1300,
       1310, 1320, 1330, 1340, 1350, 1360, 1370, 1380, 1390, 1400, 1410,
       1420, 1430, 1440, 1450, 1460, 1470, 1480, 1490, 1500, 1510, 1520,
       1530, 1540, 1550, 1560, 1570, 1580, 1590, 1600, 1610, 1620, 1630,
       1640, 1650, 1660, 1670, 1680, 1690, 1700, 1710, 1720, 1730, 1740,
       1750, 1760, 1770, 1780, 1790, 1800, 1810, 1820, 1830, 1840, 1850,
       1860, 1870, 1880, 1890, 1900, 1910, 1920, 1930, 1940, 1950, 1960,
       1970, 1980, 1990, 2000, 2010, 2020, 2030, 2040, 2050, 2060, 2070,
       2080, 2090, 2100, 2110, 2120, 2130, 2140, 2150, 2160, 2170, 2180,
       2190, 2200, 2210, 2220, 2230, 2240, 2250, 2260, 2270, 2280, 2290,
       2300, 2310, 2320, 2330, 2340, 2350, 2360, 2370, 2380, 2390, 2400,
       2410, 2420, 2430, 2440, 2450, 2460, 2470, 2480, 2490, 2500, 2510,
       2520, 2530, 2540, 2550, 2560, 2570, 2580, 2590, 2600, 2610, 2620,
       2630, 2640, 2650, 2660, 2670, 2680, 2690, 2700, 2710, 2720, 2730,
       2740, 2750, 2760, 2770, 2780, 2790, 2800, 2810, 2820, 2830, 2840,
       2850, 2860, 2870, 2880, 2890, 2900, 2910, 2920, 2930, 2940, 2950,
       2960, 2970, 2980, 2990, 3000, 3010, 3020, 3030, 3040, 3050, 3060,
       3070, 3080, 3090, 3100, 3110, 3120, 3130, 3140, 3150, 3160, 3170,
       3180, 3190, 3200, 3210, 3220, 3230, 3240])}, 'RF': {'compute_importances': [True], 'min_samples_leaf': array([ 100,  110,  120,  130,  140,  150,  160,  170,  180,  190,  200,
        210,  220,  230,  240,  250,  260,  270,  280,  290,  300,  310,
        320,  330,  340,  350,  360,  370,  380,  390,  400,  410,  420,
        430,  440,  450,  460,  470,  480,  490,  500,  510,  520,  530,
        540,  550,  560,  570,  580,  590,  600,  610,  620,  630,  640,
        650,  660,  670,  680,  690,  700,  710,  720,  730,  740,  750,
        760,  770,  780,  790,  800,  810,  820,  830,  840,  850,  860,
        870,  880,  890,  900,  910,  920,  930,  940,  950,  960,  970,
        980,  990, 1000, 1010, 1020, 1030, 1040, 1050, 1060, 1070, 1080,
       1090, 1100, 1110, 1120, 1130, 1140, 1150, 1160, 1170, 1180, 1190,
       1200, 1210, 1220, 1230, 1240, 1250, 1260, 1270, 1280, 1290, 1300,
       1310, 1320, 1330, 1340, 1350, 1360, 1370, 1380, 1390, 1400, 1410,
       1420, 1430, 1440, 1450, 1460, 1470, 1480, 1490, 1500, 1510, 1520,
       1530, 1540, 1550, 1560, 1570, 1580, 1590, 1600, 1610, 1620, 1630,
       1640, 1650, 1660, 1670, 1680, 1690, 1700, 1710, 1720, 1730, 1740,
       1750, 1760, 1770, 1780, 1790, 1800, 1810, 1820, 1830, 1840, 1850,
       1860, 1870, 1880, 1890, 1900, 1910, 1920, 1930, 1940, 1950, 1960,
       1970, 1980, 1990, 2000, 2010, 2020, 2030, 2040, 2050, 2060, 2070,
       2080, 2090, 2100, 2110, 2120, 2130, 2140, 2150, 2160, 2170, 2180,
       2190, 2200, 2210, 2220, 2230, 2240, 2250, 2260, 2270, 2280, 2290,
       2300, 2310, 2320, 2330, 2340, 2350, 2360, 2370, 2380, 2390, 2400,
       2410, 2420, 2430, 2440, 2450, 2460, 2470, 2480, 2490, 2500, 2510,
       2520, 2530, 2540, 2550, 2560, 2570, 2580, 2590, 2600, 2610, 2620,
       2630, 2640, 2650, 2660, 2670, 2680, 2690, 2700, 2710, 2720, 2730,
       2740, 2750, 2760, 2770, 2780, 2790, 2800, 2810, 2820, 2830, 2840,
       2850, 2860, 2870, 2880, 2890, 2900, 2910, 2920, 2930, 2940, 2950,
       2960, 2970, 2980, 2990, 3000, 3010, 3020, 3030, 3040, 3050, 3060,
       3070, 3080, 3090, 3100, 3110, 3120, 3130, 3140, 3150, 3160, 3170,
       3180, 3190, 3200, 3210, 3220, 3230, 3240])}, 'LR': {'penalty': ['l1', 'l2'], 'C': [0.0625, 0.125, 0.25, 0.5, 1.0, 2.0, 4.0, 8.0, 16.0]}, 'SVC': {'C': [0.0625, 0.125, 0.25, 0.5, 1.0, 2.0, 4.0, 8.0, 16.0], 'gamma': [0.0625, 0.125, 0.25, 0.5, 1.0, 2.0, 4.0, 8.0, 16.0]}, 'LinSVC': {'C': [0.0625, 0.125, 0.25, 0.5, 1.0, 2.0, 4.0, 8.0, 16.0]}}
2013-08-26 11:21:20.109164 : DecisionTreeClassifier(compute_importances=False, criterion=gini,
            max_depth=None, max_features=None, min_density=0.1,
            min_samples_leaf=1, min_samples_split=1, random_state=None)
2013-08-26 11:21:20.109326 : Running CV
2013-08-26 11:21:22.149113 : Done running CV
Mean 0.57766733987 Standard Deviation 0.0134214268286
2013-08-26 11:21:22.149285 : Done performing classification
[ 0.57565485  0.57996918  0.60493066  0.57473035  0.56610169  0.57010786
  0.58754624  0.59278668  0.56781751  0.55702836]
K:  4
2013-08-26 11:21:22.149675 : Reading X,y from data/y_X_churn_K_4.csv
2013-08-26 11:21:23.802390 : Done reading
Number of features (46418, 29)
(DecisionTreeClassifier(compute_importances=False, criterion='gini',
            max_depth=None, max_features=None, min_density=0.1,
            min_samples_leaf=1, min_samples_split=1, random_state=None), 'DT')
2013-08-26 11:21:23.805169 : Performing classification
2013-08-26 11:21:23.805207 : Fetching cv params
2013-08-26 11:21:23.805249 : Returning cv params
2013-08-26 11:21:23.805255 : {'DT': {'compute_importances': [True], 'min_samples_leaf': array([ 100,  110,  120,  130,  140,  150,  160,  170,  180,  190,  200,
        210,  220,  230,  240,  250,  260,  270,  280,  290,  300,  310,
        320,  330,  340,  350,  360,  370,  380,  390,  400,  410,  420,
        430,  440,  450,  460,  470,  480,  490,  500,  510,  520,  530,
        540,  550,  560,  570,  580,  590,  600,  610,  620,  630,  640,
        650,  660,  670,  680,  690,  700,  710,  720,  730,  740,  750,
        760,  770,  780,  790,  800,  810,  820,  830,  840,  850,  860,
        870,  880,  890,  900,  910,  920,  930,  940,  950,  960,  970,
        980,  990, 1000, 1010, 1020, 1030, 1040, 1050, 1060, 1070, 1080,
       1090, 1100, 1110, 1120, 1130, 1140, 1150, 1160, 1170, 1180, 1190,
       1200, 1210, 1220, 1230, 1240, 1250, 1260, 1270, 1280, 1290, 1300,
       1310, 1320, 1330, 1340, 1350, 1360, 1370, 1380, 1390, 1400, 1410,
       1420, 1430, 1440, 1450, 1460, 1470, 1480, 1490, 1500, 1510, 1520,
       1530, 1540, 1550, 1560, 1570, 1580, 1590, 1600, 1610, 1620, 1630,
       1640, 1650, 1660, 1670, 1680, 1690, 1700, 1710, 1720, 1730, 1740,
       1750, 1760, 1770, 1780, 1790, 1800, 1810, 1820, 1830, 1840, 1850,
       1860, 1870, 1880, 1890, 1900, 1910, 1920, 1930, 1940, 1950, 1960,
       1970, 1980, 1990, 2000, 2010, 2020, 2030, 2040, 2050, 2060, 2070,
       2080, 2090, 2100, 2110, 2120, 2130, 2140, 2150, 2160, 2170, 2180,
       2190, 2200, 2210, 2220, 2230, 2240, 2250, 2260, 2270, 2280, 2290,
       2300, 2310, 2320, 2330, 2340, 2350, 2360, 2370, 2380, 2390, 2400,
       2410, 2420, 2430, 2440, 2450, 2460, 2470, 2480, 2490, 2500, 2510,
       2520, 2530, 2540, 2550, 2560, 2570, 2580, 2590, 2600, 2610, 2620,
       2630, 2640, 2650, 2660, 2670, 2680, 2690, 2700, 2710, 2720, 2730,
       2740, 2750, 2760, 2770, 2780, 2790, 2800, 2810, 2820, 2830, 2840,
       2850, 2860, 2870, 2880, 2890, 2900, 2910, 2920, 2930, 2940, 2950,
       2960, 2970, 2980, 2990, 3000, 3010, 3020, 3030, 3040, 3050, 3060,
       3070, 3080, 3090, 3100, 3110, 3120, 3130, 3140, 3150, 3160, 3170,
       3180, 3190, 3200, 3210, 3220, 3230, 3240, 3250, 3260, 3270, 3280,
       3290, 3300, 3310, 3320, 3330, 3340, 3350, 3360, 3370, 3380, 3390,
       3400, 3410, 3420, 3430, 3440, 3450, 3460, 3470, 3480, 3490, 3500,
       3510, 3520, 3530, 3540, 3550, 3560, 3570, 3580, 3590, 3600, 3610,
       3620, 3630, 3640, 3650, 3660, 3670, 3680, 3690, 3700, 3710, 3720,
       3730, 3740, 3750, 3760, 3770, 3780, 3790, 3800, 3810, 3820, 3830,
       3840, 3850, 3860, 3870, 3880, 3890, 3900, 3910, 3920, 3930, 3940,
       3950, 3960, 3970, 3980, 3990, 4000, 4010, 4020, 4030, 4040, 4050,
       4060, 4070, 4080, 4090, 4100, 4110, 4120, 4130, 4140, 4150, 4160,
       4170, 4180, 4190, 4200, 4210, 4220, 4230, 4240, 4250, 4260, 4270,
       4280, 4290, 4300, 4310, 4320, 4330, 4340, 4350, 4360, 4370, 4380,
       4390, 4400, 4410, 4420, 4430, 4440, 4450, 4460, 4470, 4480, 4490,
       4500, 4510, 4520, 4530, 4540, 4550, 4560, 4570, 4580, 4590, 4600,
       4610, 4620, 4630, 4640])}, 'RF': {'compute_importances': [True], 'min_samples_leaf': array([ 100,  110,  120,  130,  140,  150,  160,  170,  180,  190,  200,
        210,  220,  230,  240,  250,  260,  270,  280,  290,  300,  310,
        320,  330,  340,  350,  360,  370,  380,  390,  400,  410,  420,
        430,  440,  450,  460,  470,  480,  490,  500,  510,  520,  530,
        540,  550,  560,  570,  580,  590,  600,  610,  620,  630,  640,
        650,  660,  670,  680,  690,  700,  710,  720,  730,  740,  750,
        760,  770,  780,  790,  800,  810,  820,  830,  840,  850,  860,
        870,  880,  890,  900,  910,  920,  930,  940,  950,  960,  970,
        980,  990, 1000, 1010, 1020, 1030, 1040, 1050, 1060, 1070, 1080,
       1090, 1100, 1110, 1120, 1130, 1140, 1150, 1160, 1170, 1180, 1190,
       1200, 1210, 1220, 1230, 1240, 1250, 1260, 1270, 1280, 1290, 1300,
       1310, 1320, 1330, 1340, 1350, 1360, 1370, 1380, 1390, 1400, 1410,
       1420, 1430, 1440, 1450, 1460, 1470, 1480, 1490, 1500, 1510, 1520,
       1530, 1540, 1550, 1560, 1570, 1580, 1590, 1600, 1610, 1620, 1630,
       1640, 1650, 1660, 1670, 1680, 1690, 1700, 1710, 1720, 1730, 1740,
       1750, 1760, 1770, 1780, 1790, 1800, 1810, 1820, 1830, 1840, 1850,
       1860, 1870, 1880, 1890, 1900, 1910, 1920, 1930, 1940, 1950, 1960,
       1970, 1980, 1990, 2000, 2010, 2020, 2030, 2040, 2050, 2060, 2070,
       2080, 2090, 2100, 2110, 2120, 2130, 2140, 2150, 2160, 2170, 2180,
       2190, 2200, 2210, 2220, 2230, 2240, 2250, 2260, 2270, 2280, 2290,
       2300, 2310, 2320, 2330, 2340, 2350, 2360, 2370, 2380, 2390, 2400,
       2410, 2420, 2430, 2440, 2450, 2460, 2470, 2480, 2490, 2500, 2510,
       2520, 2530, 2540, 2550, 2560, 2570, 2580, 2590, 2600, 2610, 2620,
       2630, 2640, 2650, 2660, 2670, 2680, 2690, 2700, 2710, 2720, 2730,
       2740, 2750, 2760, 2770, 2780, 2790, 2800, 2810, 2820, 2830, 2840,
       2850, 2860, 2870, 2880, 2890, 2900, 2910, 2920, 2930, 2940, 2950,
       2960, 2970, 2980, 2990, 3000, 3010, 3020, 3030, 3040, 3050, 3060,
       3070, 3080, 3090, 3100, 3110, 3120, 3130, 3140, 3150, 3160, 3170,
       3180, 3190, 3200, 3210, 3220, 3230, 3240, 3250, 3260, 3270, 3280,
       3290, 3300, 3310, 3320, 3330, 3340, 3350, 3360, 3370, 3380, 3390,
       3400, 3410, 3420, 3430, 3440, 3450, 3460, 3470, 3480, 3490, 3500,
       3510, 3520, 3530, 3540, 3550, 3560, 3570, 3580, 3590, 3600, 3610,
       3620, 3630, 3640, 3650, 3660, 3670, 3680, 3690, 3700, 3710, 3720,
       3730, 3740, 3750, 3760, 3770, 3780, 3790, 3800, 3810, 3820, 3830,
       3840, 3850, 3860, 3870, 3880, 3890, 3900, 3910, 3920, 3930, 3940,
       3950, 3960, 3970, 3980, 3990, 4000, 4010, 4020, 4030, 4040, 4050,
       4060, 4070, 4080, 4090, 4100, 4110, 4120, 4130, 4140, 4150, 4160,
       4170, 4180, 4190, 4200, 4210, 4220, 4230, 4240, 4250, 4260, 4270,
       4280, 4290, 4300, 4310, 4320, 4330, 4340, 4350, 4360, 4370, 4380,
       4390, 4400, 4410, 4420, 4430, 4440, 4450, 4460, 4470, 4480, 4490,
       4500, 4510, 4520, 4530, 4540, 4550, 4560, 4570, 4580, 4590, 4600,
       4610, 4620, 4630, 4640])}, 'LR': {'penalty': ['l1', 'l2'], 'C': [0.0625, 0.125, 0.25, 0.5, 1.0, 2.0, 4.0, 8.0, 16.0]}, 'SVC': {'C': [0.0625, 0.125, 0.25, 0.5, 1.0, 2.0, 4.0, 8.0, 16.0], 'gamma': [0.0625, 0.125, 0.25, 0.5, 1.0, 2.0, 4.0, 8.0, 16.0]}, 'LinSVC': {'C': [0.0625, 0.125, 0.25, 0.5, 1.0, 2.0, 4.0, 8.0, 16.0]}}
2013-08-26 11:21:23.895727 : DecisionTreeClassifier(compute_importances=False, criterion=gini,
            max_depth=None, max_features=None, min_density=0.1,
            min_samples_leaf=1, min_samples_split=1, random_state=None)
2013-08-26 11:21:23.895924 : Running CV
2013-08-26 11:21:26.476082 : Done running CV
Mean 0.571997758769 Standard Deviation 0.00436844781762
2013-08-26 11:21:26.476248 : Done performing classification
[ 0.56785868  0.57626023  0.5803533   0.57109005  0.57755278  0.57130547
  0.56872038  0.57087462  0.57013575  0.56582633]
K:  3
2013-08-26 11:21:26.476637 : Reading X,y from data/y_X_churn_K_3.csv
2013-08-26 11:21:29.145464 : Done reading
Number of features (73116, 28)
(DecisionTreeClassifier(compute_importances=False, criterion='gini',
            max_depth=None, max_features=None, min_density=0.1,
            min_samples_leaf=1, min_samples_split=1, random_state=None), 'DT')
2013-08-26 11:21:29.149109 : Performing classification
2013-08-26 11:21:29.149140 : Fetching cv params
2013-08-26 11:21:29.149180 : Returning cv params
2013-08-26 11:21:29.149186 : {'DT': {'compute_importances': [True], 'min_samples_leaf': array([ 100,  110,  120,  130,  140,  150,  160,  170,  180,  190,  200,
        210,  220,  230,  240,  250,  260,  270,  280,  290,  300,  310,
        320,  330,  340,  350,  360,  370,  380,  390,  400,  410,  420,
        430,  440,  450,  460,  470,  480,  490,  500,  510,  520,  530,
        540,  550,  560,  570,  580,  590,  600,  610,  620,  630,  640,
        650,  660,  670,  680,  690,  700,  710,  720,  730,  740,  750,
        760,  770,  780,  790,  800,  810,  820,  830,  840,  850,  860,
        870,  880,  890,  900,  910,  920,  930,  940,  950,  960,  970,
        980,  990, 1000, 1010, 1020, 1030, 1040, 1050, 1060, 1070, 1080,
       1090, 1100, 1110, 1120, 1130, 1140, 1150, 1160, 1170, 1180, 1190,
       1200, 1210, 1220, 1230, 1240, 1250, 1260, 1270, 1280, 1290, 1300,
       1310, 1320, 1330, 1340, 1350, 1360, 1370, 1380, 1390, 1400, 1410,
       1420, 1430, 1440, 1450, 1460, 1470, 1480, 1490, 1500, 1510, 1520,
       1530, 1540, 1550, 1560, 1570, 1580, 1590, 1600, 1610, 1620, 1630,
       1640, 1650, 1660, 1670, 1680, 1690, 1700, 1710, 1720, 1730, 1740,
       1750, 1760, 1770, 1780, 1790, 1800, 1810, 1820, 1830, 1840, 1850,
       1860, 1870, 1880, 1890, 1900, 1910, 1920, 1930, 1940, 1950, 1960,
       1970, 1980, 1990, 2000, 2010, 2020, 2030, 2040, 2050, 2060, 2070,
       2080, 2090, 2100, 2110, 2120, 2130, 2140, 2150, 2160, 2170, 2180,
       2190, 2200, 2210, 2220, 2230, 2240, 2250, 2260, 2270, 2280, 2290,
       2300, 2310, 2320, 2330, 2340, 2350, 2360, 2370, 2380, 2390, 2400,
       2410, 2420, 2430, 2440, 2450, 2460, 2470, 2480, 2490, 2500, 2510,
       2520, 2530, 2540, 2550, 2560, 2570, 2580, 2590, 2600, 2610, 2620,
       2630, 2640, 2650, 2660, 2670, 2680, 2690, 2700, 2710, 2720, 2730,
       2740, 2750, 2760, 2770, 2780, 2790, 2800, 2810, 2820, 2830, 2840,
       2850, 2860, 2870, 2880, 2890, 2900, 2910, 2920, 2930, 2940, 2950,
       2960, 2970, 2980, 2990, 3000, 3010, 3020, 3030, 3040, 3050, 3060,
       3070, 3080, 3090, 3100, 3110, 3120, 3130, 3140, 3150, 3160, 3170,
       3180, 3190, 3200, 3210, 3220, 3230, 3240, 3250, 3260, 3270, 3280,
       3290, 3300, 3310, 3320, 3330, 3340, 3350, 3360, 3370, 3380, 3390,
       3400, 3410, 3420, 3430, 3440, 3450, 3460, 3470, 3480, 3490, 3500,
       3510, 3520, 3530, 3540, 3550, 3560, 3570, 3580, 3590, 3600, 3610,
       3620, 3630, 3640, 3650, 3660, 3670, 3680, 3690, 3700, 3710, 3720,
       3730, 3740, 3750, 3760, 3770, 3780, 3790, 3800, 3810, 3820, 3830,
       3840, 3850, 3860, 3870, 3880, 3890, 3900, 3910, 3920, 3930, 3940,
       3950, 3960, 3970, 3980, 3990, 4000, 4010, 4020, 4030, 4040, 4050,
       4060, 4070, 4080, 4090, 4100, 4110, 4120, 4130, 4140, 4150, 4160,
       4170, 4180, 4190, 4200, 4210, 4220, 4230, 4240, 4250, 4260, 4270,
       4280, 4290, 4300, 4310, 4320, 4330, 4340, 4350, 4360, 4370, 4380,
       4390, 4400, 4410, 4420, 4430, 4440, 4450, 4460, 4470, 4480, 4490,
       4500, 4510, 4520, 4530, 4540, 4550, 4560, 4570, 4580, 4590, 4600,
       4610, 4620, 4630, 4640, 4650, 4660, 4670, 4680, 4690, 4700, 4710,
       4720, 4730, 4740, 4750, 4760, 4770, 4780, 4790, 4800, 4810, 4820,
       4830, 4840, 4850, 4860, 4870, 4880, 4890, 4900, 4910, 4920, 4930,
       4940, 4950, 4960, 4970, 4980, 4990, 5000, 5010, 5020, 5030, 5040,
       5050, 5060, 5070, 5080, 5090, 5100, 5110, 5120, 5130, 5140, 5150,
       5160, 5170, 5180, 5190, 5200, 5210, 5220, 5230, 5240, 5250, 5260,
       5270, 5280, 5290, 5300, 5310, 5320, 5330, 5340, 5350, 5360, 5370,
       5380, 5390, 5400, 5410, 5420, 5430, 5440, 5450, 5460, 5470, 5480,
       5490, 5500, 5510, 5520, 5530, 5540, 5550, 5560, 5570, 5580, 5590,
       5600, 5610, 5620, 5630, 5640, 5650, 5660, 5670, 5680, 5690, 5700,
       5710, 5720, 5730, 5740, 5750, 5760, 5770, 5780, 5790, 5800, 5810,
       5820, 5830, 5840, 5850, 5860, 5870, 5880, 5890, 5900, 5910, 5920,
       5930, 5940, 5950, 5960, 5970, 5980, 5990, 6000, 6010, 6020, 6030,
       6040, 6050, 6060, 6070, 6080, 6090, 6100, 6110, 6120, 6130, 6140,
       6150, 6160, 6170, 6180, 6190, 6200, 6210, 6220, 6230, 6240, 6250,
       6260, 6270, 6280, 6290, 6300, 6310, 6320, 6330, 6340, 6350, 6360,
       6370, 6380, 6390, 6400, 6410, 6420, 6430, 6440, 6450, 6460, 6470,
       6480, 6490, 6500, 6510, 6520, 6530, 6540, 6550, 6560, 6570, 6580,
       6590, 6600, 6610, 6620, 6630, 6640, 6650, 6660, 6670, 6680, 6690,
       6700, 6710, 6720, 6730, 6740, 6750, 6760, 6770, 6780, 6790, 6800,
       6810, 6820, 6830, 6840, 6850, 6860, 6870, 6880, 6890, 6900, 6910,
       6920, 6930, 6940, 6950, 6960, 6970, 6980, 6990, 7000, 7010, 7020,
       7030, 7040, 7050, 7060, 7070, 7080, 7090, 7100, 7110, 7120, 7130,
       7140, 7150, 7160, 7170, 7180, 7190, 7200, 7210, 7220, 7230, 7240,
       7250, 7260, 7270, 7280, 7290, 7300, 7310])}, 'RF': {'compute_importances': [True], 'min_samples_leaf': array([ 100,  110,  120,  130,  140,  150,  160,  170,  180,  190,  200,
        210,  220,  230,  240,  250,  260,  270,  280,  290,  300,  310,
        320,  330,  340,  350,  360,  370,  380,  390,  400,  410,  420,
        430,  440,  450,  460,  470,  480,  490,  500,  510,  520,  530,
        540,  550,  560,  570,  580,  590,  600,  610,  620,  630,  640,
        650,  660,  670,  680,  690,  700,  710,  720,  730,  740,  750,
        760,  770,  780,  790,  800,  810,  820,  830,  840,  850,  860,
        870,  880,  890,  900,  910,  920,  930,  940,  950,  960,  970,
        980,  990, 1000, 1010, 1020, 1030, 1040, 1050, 1060, 1070, 1080,
       1090, 1100, 1110, 1120, 1130, 1140, 1150, 1160, 1170, 1180, 1190,
       1200, 1210, 1220, 1230, 1240, 1250, 1260, 1270, 1280, 1290, 1300,
       1310, 1320, 1330, 1340, 1350, 1360, 1370, 1380, 1390, 1400, 1410,
       1420, 1430, 1440, 1450, 1460, 1470, 1480, 1490, 1500, 1510, 1520,
       1530, 1540, 1550, 1560, 1570, 1580, 1590, 1600, 1610, 1620, 1630,
       1640, 1650, 1660, 1670, 1680, 1690, 1700, 1710, 1720, 1730, 1740,
       1750, 1760, 1770, 1780, 1790, 1800, 1810, 1820, 1830, 1840, 1850,
       1860, 1870, 1880, 1890, 1900, 1910, 1920, 1930, 1940, 1950, 1960,
       1970, 1980, 1990, 2000, 2010, 2020, 2030, 2040, 2050, 2060, 2070,
       2080, 2090, 2100, 2110, 2120, 2130, 2140, 2150, 2160, 2170, 2180,
       2190, 2200, 2210, 2220, 2230, 2240, 2250, 2260, 2270, 2280, 2290,
       2300, 2310, 2320, 2330, 2340, 2350, 2360, 2370, 2380, 2390, 2400,
       2410, 2420, 2430, 2440, 2450, 2460, 2470, 2480, 2490, 2500, 2510,
       2520, 2530, 2540, 2550, 2560, 2570, 2580, 2590, 2600, 2610, 2620,
       2630, 2640, 2650, 2660, 2670, 2680, 2690, 2700, 2710, 2720, 2730,
       2740, 2750, 2760, 2770, 2780, 2790, 2800, 2810, 2820, 2830, 2840,
       2850, 2860, 2870, 2880, 2890, 2900, 2910, 2920, 2930, 2940, 2950,
       2960, 2970, 2980, 2990, 3000, 3010, 3020, 3030, 3040, 3050, 3060,
       3070, 3080, 3090, 3100, 3110, 3120, 3130, 3140, 3150, 3160, 3170,
       3180, 3190, 3200, 3210, 3220, 3230, 3240, 3250, 3260, 3270, 3280,
       3290, 3300, 3310, 3320, 3330, 3340, 3350, 3360, 3370, 3380, 3390,
       3400, 3410, 3420, 3430, 3440, 3450, 3460, 3470, 3480, 3490, 3500,
       3510, 3520, 3530, 3540, 3550, 3560, 3570, 3580, 3590, 3600, 3610,
       3620, 3630, 3640, 3650, 3660, 3670, 3680, 3690, 3700, 3710, 3720,
       3730, 3740, 3750, 3760, 3770, 3780, 3790, 3800, 3810, 3820, 3830,
       3840, 3850, 3860, 3870, 3880, 3890, 3900, 3910, 3920, 3930, 3940,
       3950, 3960, 3970, 3980, 3990, 4000, 4010, 4020, 4030, 4040, 4050,
       4060, 4070, 4080, 4090, 4100, 4110, 4120, 4130, 4140, 4150, 4160,
       4170, 4180, 4190, 4200, 4210, 4220, 4230, 4240, 4250, 4260, 4270,
       4280, 4290, 4300, 4310, 4320, 4330, 4340, 4350, 4360, 4370, 4380,
       4390, 4400, 4410, 4420, 4430, 4440, 4450, 4460, 4470, 4480, 4490,
       4500, 4510, 4520, 4530, 4540, 4550, 4560, 4570, 4580, 4590, 4600,
       4610, 4620, 4630, 4640, 4650, 4660, 4670, 4680, 4690, 4700, 4710,
       4720, 4730, 4740, 4750, 4760, 4770, 4780, 4790, 4800, 4810, 4820,
       4830, 4840, 4850, 4860, 4870, 4880, 4890, 4900, 4910, 4920, 4930,
       4940, 4950, 4960, 4970, 4980, 4990, 5000, 5010, 5020, 5030, 5040,
       5050, 5060, 5070, 5080, 5090, 5100, 5110, 5120, 5130, 5140, 5150,
       5160, 5170, 5180, 5190, 5200, 5210, 5220, 5230, 5240, 5250, 5260,
       5270, 5280, 5290, 5300, 5310, 5320, 5330, 5340, 5350, 5360, 5370,
       5380, 5390, 5400, 5410, 5420, 5430, 5440, 5450, 5460, 5470, 5480,
       5490, 5500, 5510, 5520, 5530, 5540, 5550, 5560, 5570, 5580, 5590,
       5600, 5610, 5620, 5630, 5640, 5650, 5660, 5670, 5680, 5690, 5700,
       5710, 5720, 5730, 5740, 5750, 5760, 5770, 5780, 5790, 5800, 5810,
       5820, 5830, 5840, 5850, 5860, 5870, 5880, 5890, 5900, 5910, 5920,
       5930, 5940, 5950, 5960, 5970, 5980, 5990, 6000, 6010, 6020, 6030,
       6040, 6050, 6060, 6070, 6080, 6090, 6100, 6110, 6120, 6130, 6140,
       6150, 6160, 6170, 6180, 6190, 6200, 6210, 6220, 6230, 6240, 6250,
       6260, 6270, 6280, 6290, 6300, 6310, 6320, 6330, 6340, 6350, 6360,
       6370, 6380, 6390, 6400, 6410, 6420, 6430, 6440, 6450, 6460, 6470,
       6480, 6490, 6500, 6510, 6520, 6530, 6540, 6550, 6560, 6570, 6580,
       6590, 6600, 6610, 6620, 6630, 6640, 6650, 6660, 6670, 6680, 6690,
       6700, 6710, 6720, 6730, 6740, 6750, 6760, 6770, 6780, 6790, 6800,
       6810, 6820, 6830, 6840, 6850, 6860, 6870, 6880, 6890, 6900, 6910,
       6920, 6930, 6940, 6950, 6960, 6970, 6980, 6990, 7000, 7010, 7020,
       7030, 7040, 7050, 7060, 7070, 7080, 7090, 7100, 7110, 7120, 7130,
       7140, 7150, 7160, 7170, 7180, 7190, 7200, 7210, 7220, 7230, 7240,
       7250, 7260, 7270, 7280, 7290, 7300, 7310])}, 'LR': {'penalty': ['l1', 'l2'], 'C': [0.0625, 0.125, 0.25, 0.5, 1.0, 2.0, 4.0, 8.0, 16.0]}, 'SVC': {'C': [0.0625, 0.125, 0.25, 0.5, 1.0, 2.0, 4.0, 8.0, 16.0], 'gamma': [0.0625, 0.125, 0.25, 0.5, 1.0, 2.0, 4.0, 8.0, 16.0]}, 'LinSVC': {'C': [0.0625, 0.125, 0.25, 0.5, 1.0, 2.0, 4.0, 8.0, 16.0]}}
2013-08-26 11:21:29.339053 : DecisionTreeClassifier(compute_importances=False, criterion=gini,
            max_depth=None, max_features=None, min_density=0.1,
            min_samples_leaf=1, min_samples_split=1, random_state=None)
2013-08-26 11:21:29.339229 : Running CV
2013-08-26 11:21:34.104488 : Done running CV
Mean 0.572405654589 Standard Deviation 0.00627873219593
2013-08-26 11:21:34.104656 : Done performing classification
[ 0.57644967  0.56455142  0.56031182  0.57754376  0.56714989  0.57658643
  0.56900561  0.5766653   0.57584462  0.57994802]
K:  2
2013-08-26 11:21:34.105048 : Reading X,y from data/y_X_churn_K_2.csv
2013-08-26 11:21:37.823604 : Done reading
Number of features (100000, 27)
(DecisionTreeClassifier(compute_importances=False, criterion='gini',
            max_depth=None, max_features=None, min_density=0.1,
            min_samples_leaf=1, min_samples_split=1, random_state=None), 'DT')
2013-08-26 11:21:37.828201 : Performing classification
2013-08-26 11:21:37.828232 : Fetching cv params
2013-08-26 11:21:37.828270 : Returning cv params
2013-08-26 11:21:37.828276 : {'DT': {'compute_importances': [True], 'min_samples_leaf': array([ 100,  110,  120,  130,  140,  150,  160,  170,  180,  190,  200,
        210,  220,  230,  240,  250,  260,  270,  280,  290,  300,  310,
        320,  330,  340,  350,  360,  370,  380,  390,  400,  410,  420,
        430,  440,  450,  460,  470,  480,  490,  500,  510,  520,  530,
        540,  550,  560,  570,  580,  590,  600,  610,  620,  630,  640,
        650,  660,  670,  680,  690,  700,  710,  720,  730,  740,  750,
        760,  770,  780,  790,  800,  810,  820,  830,  840,  850,  860,
        870,  880,  890,  900,  910,  920,  930,  940,  950,  960,  970,
        980,  990, 1000, 1010, 1020, 1030, 1040, 1050, 1060, 1070, 1080,
       1090, 1100, 1110, 1120, 1130, 1140, 1150, 1160, 1170, 1180, 1190,
       1200, 1210, 1220, 1230, 1240, 1250, 1260, 1270, 1280, 1290, 1300,
       1310, 1320, 1330, 1340, 1350, 1360, 1370, 1380, 1390, 1400, 1410,
       1420, 1430, 1440, 1450, 1460, 1470, 1480, 1490, 1500, 1510, 1520,
       1530, 1540, 1550, 1560, 1570, 1580, 1590, 1600, 1610, 1620, 1630,
       1640, 1650, 1660, 1670, 1680, 1690, 1700, 1710, 1720, 1730, 1740,
       1750, 1760, 1770, 1780, 1790, 1800, 1810, 1820, 1830, 1840, 1850,
       1860, 1870, 1880, 1890, 1900, 1910, 1920, 1930, 1940, 1950, 1960,
       1970, 1980, 1990, 2000, 2010, 2020, 2030, 2040, 2050, 2060, 2070,
       2080, 2090, 2100, 2110, 2120, 2130, 2140, 2150, 2160, 2170, 2180,
       2190, 2200, 2210, 2220, 2230, 2240, 2250, 2260, 2270, 2280, 2290,
       2300, 2310, 2320, 2330, 2340, 2350, 2360, 2370, 2380, 2390, 2400,
       2410, 2420, 2430, 2440, 2450, 2460, 2470, 2480, 2490, 2500, 2510,
       2520, 2530, 2540, 2550, 2560, 2570, 2580, 2590, 2600, 2610, 2620,
       2630, 2640, 2650, 2660, 2670, 2680, 2690, 2700, 2710, 2720, 2730,
       2740, 2750, 2760, 2770, 2780, 2790, 2800, 2810, 2820, 2830, 2840,
       2850, 2860, 2870, 2880, 2890, 2900, 2910, 2920, 2930, 2940, 2950,
       2960, 2970, 2980, 2990, 3000, 3010, 3020, 3030, 3040, 3050, 3060,
       3070, 3080, 3090, 3100, 3110, 3120, 3130, 3140, 3150, 3160, 3170,
       3180, 3190, 3200, 3210, 3220, 3230, 3240, 3250, 3260, 3270, 3280,
       3290, 3300, 3310, 3320, 3330, 3340, 3350, 3360, 3370, 3380, 3390,
       3400, 3410, 3420, 3430, 3440, 3450, 3460, 3470, 3480, 3490, 3500,
       3510, 3520, 3530, 3540, 3550, 3560, 3570, 3580, 3590, 3600, 3610,
       3620, 3630, 3640, 3650, 3660, 3670, 3680, 3690, 3700, 3710, 3720,
       3730, 3740, 3750, 3760, 3770, 3780, 3790, 3800, 3810, 3820, 3830,
       3840, 3850, 3860, 3870, 3880, 3890, 3900, 3910, 3920, 3930, 3940,
       3950, 3960, 3970, 3980, 3990, 4000, 4010, 4020, 4030, 4040, 4050,
       4060, 4070, 4080, 4090, 4100, 4110, 4120, 4130, 4140, 4150, 4160,
       4170, 4180, 4190, 4200, 4210, 4220, 4230, 4240, 4250, 4260, 4270,
       4280, 4290, 4300, 4310, 4320, 4330, 4340, 4350, 4360, 4370, 4380,
       4390, 4400, 4410, 4420, 4430, 4440, 4450, 4460, 4470, 4480, 4490,
       4500, 4510, 4520, 4530, 4540, 4550, 4560, 4570, 4580, 4590, 4600,
       4610, 4620, 4630, 4640, 4650, 4660, 4670, 4680, 4690, 4700, 4710,
       4720, 4730, 4740, 4750, 4760, 4770, 4780, 4790, 4800, 4810, 4820,
       4830, 4840, 4850, 4860, 4870, 4880, 4890, 4900, 4910, 4920, 4930,
       4940, 4950, 4960, 4970, 4980, 4990, 5000, 5010, 5020, 5030, 5040,
       5050, 5060, 5070, 5080, 5090, 5100, 5110, 5120, 5130, 5140, 5150,
       5160, 5170, 5180, 5190, 5200, 5210, 5220, 5230, 5240, 5250, 5260,
       5270, 5280, 5290, 5300, 5310, 5320, 5330, 5340, 5350, 5360, 5370,
       5380, 5390, 5400, 5410, 5420, 5430, 5440, 5450, 5460, 5470, 5480,
       5490, 5500, 5510, 5520, 5530, 5540, 5550, 5560, 5570, 5580, 5590,
       5600, 5610, 5620, 5630, 5640, 5650, 5660, 5670, 5680, 5690, 5700,
       5710, 5720, 5730, 5740, 5750, 5760, 5770, 5780, 5790, 5800, 5810,
       5820, 5830, 5840, 5850, 5860, 5870, 5880, 5890, 5900, 5910, 5920,
       5930, 5940, 5950, 5960, 5970, 5980, 5990, 6000, 6010, 6020, 6030,
       6040, 6050, 6060, 6070, 6080, 6090, 6100, 6110, 6120, 6130, 6140,
       6150, 6160, 6170, 6180, 6190, 6200, 6210, 6220, 6230, 6240, 6250,
       6260, 6270, 6280, 6290, 6300, 6310, 6320, 6330, 6340, 6350, 6360,
       6370, 6380, 6390, 6400, 6410, 6420, 6430, 6440, 6450, 6460, 6470,
       6480, 6490, 6500, 6510, 6520, 6530, 6540, 6550, 6560, 6570, 6580,
       6590, 6600, 6610, 6620, 6630, 6640, 6650, 6660, 6670, 6680, 6690,
       6700, 6710, 6720, 6730, 6740, 6750, 6760, 6770, 6780, 6790, 6800,
       6810, 6820, 6830, 6840, 6850, 6860, 6870, 6880, 6890, 6900, 6910,
       6920, 6930, 6940, 6950, 6960, 6970, 6980, 6990, 7000, 7010, 7020,
       7030, 7040, 7050, 7060, 7070, 7080, 7090, 7100, 7110, 7120, 7130,
       7140, 7150, 7160, 7170, 7180, 7190, 7200, 7210, 7220, 7230, 7240,
       7250, 7260, 7270, 7280, 7290, 7300, 7310, 7320, 7330, 7340, 7350,
       7360, 7370, 7380, 7390, 7400, 7410, 7420, 7430, 7440, 7450, 7460,
       7470, 7480, 7490, 7500, 7510, 7520, 7530, 7540, 7550, 7560, 7570,
       7580, 7590, 7600, 7610, 7620, 7630, 7640, 7650, 7660, 7670, 7680,
       7690, 7700, 7710, 7720, 7730, 7740, 7750, 7760, 7770, 7780, 7790,
       7800, 7810, 7820, 7830, 7840, 7850, 7860, 7870, 7880, 7890, 7900,
       7910, 7920, 7930, 7940, 7950, 7960, 7970, 7980, 7990, 8000, 8010,
       8020, 8030, 8040, 8050, 8060, 8070, 8080, 8090, 8100, 8110, 8120,
       8130, 8140, 8150, 8160, 8170, 8180, 8190, 8200, 8210, 8220, 8230,
       8240, 8250, 8260, 8270, 8280, 8290, 8300, 8310, 8320, 8330, 8340,
       8350, 8360, 8370, 8380, 8390, 8400, 8410, 8420, 8430, 8440, 8450,
       8460, 8470, 8480, 8490, 8500, 8510, 8520, 8530, 8540, 8550, 8560,
       8570, 8580, 8590, 8600, 8610, 8620, 8630, 8640, 8650, 8660, 8670,
       8680, 8690, 8700, 8710, 8720, 8730, 8740, 8750, 8760, 8770, 8780,
       8790, 8800, 8810, 8820, 8830, 8840, 8850, 8860, 8870, 8880, 8890,
       8900, 8910, 8920, 8930, 8940, 8950, 8960, 8970, 8980, 8990, 9000,
       9010, 9020, 9030, 9040, 9050, 9060, 9070, 9080, 9090, 9100, 9110,
       9120, 9130, 9140, 9150, 9160, 9170, 9180, 9190, 9200, 9210, 9220,
       9230, 9240, 9250, 9260, 9270, 9280, 9290, 9300, 9310, 9320, 9330,
       9340, 9350, 9360, 9370, 9380, 9390, 9400, 9410, 9420, 9430, 9440,
       9450, 9460, 9470, 9480, 9490, 9500, 9510, 9520, 9530, 9540, 9550,
       9560, 9570, 9580, 9590, 9600, 9610, 9620, 9630, 9640, 9650, 9660,
       9670, 9680, 9690, 9700, 9710, 9720, 9730, 9740, 9750, 9760, 9770,
       9780, 9790, 9800, 9810, 9820, 9830, 9840, 9850, 9860, 9870, 9880,
       9890, 9900, 9910, 9920, 9930, 9940, 9950, 9960, 9970, 9980, 9990])}, 'RF': {'compute_importances': [True], 'min_samples_leaf': array([ 100,  110,  120,  130,  140,  150,  160,  170,  180,  190,  200,
        210,  220,  230,  240,  250,  260,  270,  280,  290,  300,  310,
        320,  330,  340,  350,  360,  370,  380,  390,  400,  410,  420,
        430,  440,  450,  460,  470,  480,  490,  500,  510,  520,  530,
        540,  550,  560,  570,  580,  590,  600,  610,  620,  630,  640,
        650,  660,  670,  680,  690,  700,  710,  720,  730,  740,  750,
        760,  770,  780,  790,  800,  810,  820,  830,  840,  850,  860,
        870,  880,  890,  900,  910,  920,  930,  940,  950,  960,  970,
        980,  990, 1000, 1010, 1020, 1030, 1040, 1050, 1060, 1070, 1080,
       1090, 1100, 1110, 1120, 1130, 1140, 1150, 1160, 1170, 1180, 1190,
       1200, 1210, 1220, 1230, 1240, 1250, 1260, 1270, 1280, 1290, 1300,
       1310, 1320, 1330, 1340, 1350, 1360, 1370, 1380, 1390, 1400, 1410,
       1420, 1430, 1440, 1450, 1460, 1470, 1480, 1490, 1500, 1510, 1520,
       1530, 1540, 1550, 1560, 1570, 1580, 1590, 1600, 1610, 1620, 1630,
       1640, 1650, 1660, 1670, 1680, 1690, 1700, 1710, 1720, 1730, 1740,
       1750, 1760, 1770, 1780, 1790, 1800, 1810, 1820, 1830, 1840, 1850,
       1860, 1870, 1880, 1890, 1900, 1910, 1920, 1930, 1940, 1950, 1960,
       1970, 1980, 1990, 2000, 2010, 2020, 2030, 2040, 2050, 2060, 2070,
       2080, 2090, 2100, 2110, 2120, 2130, 2140, 2150, 2160, 2170, 2180,
       2190, 2200, 2210, 2220, 2230, 2240, 2250, 2260, 2270, 2280, 2290,
       2300, 2310, 2320, 2330, 2340, 2350, 2360, 2370, 2380, 2390, 2400,
       2410, 2420, 2430, 2440, 2450, 2460, 2470, 2480, 2490, 2500, 2510,
       2520, 2530, 2540, 2550, 2560, 2570, 2580, 2590, 2600, 2610, 2620,
       2630, 2640, 2650, 2660, 2670, 2680, 2690, 2700, 2710, 2720, 2730,
       2740, 2750, 2760, 2770, 2780, 2790, 2800, 2810, 2820, 2830, 2840,
       2850, 2860, 2870, 2880, 2890, 2900, 2910, 2920, 2930, 2940, 2950,
       2960, 2970, 2980, 2990, 3000, 3010, 3020, 3030, 3040, 3050, 3060,
       3070, 3080, 3090, 3100, 3110, 3120, 3130, 3140, 3150, 3160, 3170,
       3180, 3190, 3200, 3210, 3220, 3230, 3240, 3250, 3260, 3270, 3280,
       3290, 3300, 3310, 3320, 3330, 3340, 3350, 3360, 3370, 3380, 3390,
       3400, 3410, 3420, 3430, 3440, 3450, 3460, 3470, 3480, 3490, 3500,
       3510, 3520, 3530, 3540, 3550, 3560, 3570, 3580, 3590, 3600, 3610,
       3620, 3630, 3640, 3650, 3660, 3670, 3680, 3690, 3700, 3710, 3720,
       3730, 3740, 3750, 3760, 3770, 3780, 3790, 3800, 3810, 3820, 3830,
       3840, 3850, 3860, 3870, 3880, 3890, 3900, 3910, 3920, 3930, 3940,
       3950, 3960, 3970, 3980, 3990, 4000, 4010, 4020, 4030, 4040, 4050,
       4060, 4070, 4080, 4090, 4100, 4110, 4120, 4130, 4140, 4150, 4160,
       4170, 4180, 4190, 4200, 4210, 4220, 4230, 4240, 4250, 4260, 4270,
       4280, 4290, 4300, 4310, 4320, 4330, 4340, 4350, 4360, 4370, 4380,
       4390, 4400, 4410, 4420, 4430, 4440, 4450, 4460, 4470, 4480, 4490,
       4500, 4510, 4520, 4530, 4540, 4550, 4560, 4570, 4580, 4590, 4600,
       4610, 4620, 4630, 4640, 4650, 4660, 4670, 4680, 4690, 4700, 4710,
       4720, 4730, 4740, 4750, 4760, 4770, 4780, 4790, 4800, 4810, 4820,
       4830, 4840, 4850, 4860, 4870, 4880, 4890, 4900, 4910, 4920, 4930,
       4940, 4950, 4960, 4970, 4980, 4990, 5000, 5010, 5020, 5030, 5040,
       5050, 5060, 5070, 5080, 5090, 5100, 5110, 5120, 5130, 5140, 5150,
       5160, 5170, 5180, 5190, 5200, 5210, 5220, 5230, 5240, 5250, 5260,
       5270, 5280, 5290, 5300, 5310, 5320, 5330, 5340, 5350, 5360, 5370,
       5380, 5390, 5400, 5410, 5420, 5430, 5440, 5450, 5460, 5470, 5480,
       5490, 5500, 5510, 5520, 5530, 5540, 5550, 5560, 5570, 5580, 5590,
       5600, 5610, 5620, 5630, 5640, 5650, 5660, 5670, 5680, 5690, 5700,
       5710, 5720, 5730, 5740, 5750, 5760, 5770, 5780, 5790, 5800, 5810,
       5820, 5830, 5840, 5850, 5860, 5870, 5880, 5890, 5900, 5910, 5920,
       5930, 5940, 5950, 5960, 5970, 5980, 5990, 6000, 6010, 6020, 6030,
       6040, 6050, 6060, 6070, 6080, 6090, 6100, 6110, 6120, 6130, 6140,
       6150, 6160, 6170, 6180, 6190, 6200, 6210, 6220, 6230, 6240, 6250,
       6260, 6270, 6280, 6290, 6300, 6310, 6320, 6330, 6340, 6350, 6360,
       6370, 6380, 6390, 6400, 6410, 6420, 6430, 6440, 6450, 6460, 6470,
       6480, 6490, 6500, 6510, 6520, 6530, 6540, 6550, 6560, 6570, 6580,
       6590, 6600, 6610, 6620, 6630, 6640, 6650, 6660, 6670, 6680, 6690,
       6700, 6710, 6720, 6730, 6740, 6750, 6760, 6770, 6780, 6790, 6800,
       6810, 6820, 6830, 6840, 6850, 6860, 6870, 6880, 6890, 6900, 6910,
       6920, 6930, 6940, 6950, 6960, 6970, 6980, 6990, 7000, 7010, 7020,
       7030, 7040, 7050, 7060, 7070, 7080, 7090, 7100, 7110, 7120, 7130,
       7140, 7150, 7160, 7170, 7180, 7190, 7200, 7210, 7220, 7230, 7240,
       7250, 7260, 7270, 7280, 7290, 7300, 7310, 7320, 7330, 7340, 7350,
       7360, 7370, 7380, 7390, 7400, 7410, 7420, 7430, 7440, 7450, 7460,
       7470, 7480, 7490, 7500, 7510, 7520, 7530, 7540, 7550, 7560, 7570,
       7580, 7590, 7600, 7610, 7620, 7630, 7640, 7650, 7660, 7670, 7680,
       7690, 7700, 7710, 7720, 7730, 7740, 7750, 7760, 7770, 7780, 7790,
       7800, 7810, 7820, 7830, 7840, 7850, 7860, 7870, 7880, 7890, 7900,
       7910, 7920, 7930, 7940, 7950, 7960, 7970, 7980, 7990, 8000, 8010,
       8020, 8030, 8040, 8050, 8060, 8070, 8080, 8090, 8100, 8110, 8120,
       8130, 8140, 8150, 8160, 8170, 8180, 8190, 8200, 8210, 8220, 8230,
       8240, 8250, 8260, 8270, 8280, 8290, 8300, 8310, 8320, 8330, 8340,
       8350, 8360, 8370, 8380, 8390, 8400, 8410, 8420, 8430, 8440, 8450,
       8460, 8470, 8480, 8490, 8500, 8510, 8520, 8530, 8540, 8550, 8560,
       8570, 8580, 8590, 8600, 8610, 8620, 8630, 8640, 8650, 8660, 8670,
       8680, 8690, 8700, 8710, 8720, 8730, 8740, 8750, 8760, 8770, 8780,
       8790, 8800, 8810, 8820, 8830, 8840, 8850, 8860, 8870, 8880, 8890,
       8900, 8910, 8920, 8930, 8940, 8950, 8960, 8970, 8980, 8990, 9000,
       9010, 9020, 9030, 9040, 9050, 9060, 9070, 9080, 9090, 9100, 9110,
       9120, 9130, 9140, 9150, 9160, 9170, 9180, 9190, 9200, 9210, 9220,
       9230, 9240, 9250, 9260, 9270, 9280, 9290, 9300, 9310, 9320, 9330,
       9340, 9350, 9360, 9370, 9380, 9390, 9400, 9410, 9420, 9430, 9440,
       9450, 9460, 9470, 9480, 9490, 9500, 9510, 9520, 9530, 9540, 9550,
       9560, 9570, 9580, 9590, 9600, 9610, 9620, 9630, 9640, 9650, 9660,
       9670, 9680, 9690, 9700, 9710, 9720, 9730, 9740, 9750, 9760, 9770,
       9780, 9790, 9800, 9810, 9820, 9830, 9840, 9850, 9860, 9870, 9880,
       9890, 9900, 9910, 9920, 9930, 9940, 9950, 9960, 9970, 9980, 9990])}, 'LR': {'penalty': ['l1', 'l2'], 'C': [0.0625, 0.125, 0.25, 0.5, 1.0, 2.0, 4.0, 8.0, 16.0]}, 'SVC': {'C': [0.0625, 0.125, 0.25, 0.5, 1.0, 2.0, 4.0, 8.0, 16.0], 'gamma': [0.0625, 0.125, 0.25, 0.5, 1.0, 2.0, 4.0, 8.0, 16.0]}, 'LinSVC': {'C': [0.0625, 0.125, 0.25, 0.5, 1.0, 2.0, 4.0, 8.0, 16.0]}}
2013-08-26 11:21:38.061761 : DecisionTreeClassifier(compute_importances=False, criterion=gini,
            max_depth=None, max_features=None, min_density=0.1,
            min_samples_leaf=1, min_samples_split=1, random_state=None)
2013-08-26 11:21:38.061929 : Running CV
2013-08-26 11:21:44.401684 : Done running CV
Mean 0.58292 Standard Deviation 0.00431573863898
2013-08-26 11:21:44.401854 : Done performing classification
[ 0.5816  0.5826  0.5798  0.5826  0.5798  0.5827  0.5951  0.5789  0.5834
  0.5827]
K:  1
2013-08-26 11:21:44.402250 : Reading X,y from data/y_X_churn_K_1.csv
2013-08-26 11:21:47.616022 : Done reading
Number of features (100000, 22)
(DecisionTreeClassifier(compute_importances=False, criterion='gini',
            max_depth=None, max_features=None, min_density=0.1,
            min_samples_leaf=1, min_samples_split=1, random_state=None), 'DT')
2013-08-26 11:21:47.624881 : Performing classification
2013-08-26 11:21:47.624911 : Fetching cv params
2013-08-26 11:21:47.624949 : Returning cv params
2013-08-26 11:21:47.624955 : {'DT': {'compute_importances': [True], 'min_samples_leaf': array([ 100,  110,  120,  130,  140,  150,  160,  170,  180,  190,  200,
        210,  220,  230,  240,  250,  260,  270,  280,  290,  300,  310,
        320,  330,  340,  350,  360,  370,  380,  390,  400,  410,  420,
        430,  440,  450,  460,  470,  480,  490,  500,  510,  520,  530,
        540,  550,  560,  570,  580,  590,  600,  610,  620,  630,  640,
        650,  660,  670,  680,  690,  700,  710,  720,  730,  740,  750,
        760,  770,  780,  790,  800,  810,  820,  830,  840,  850,  860,
        870,  880,  890,  900,  910,  920,  930,  940,  950,  960,  970,
        980,  990, 1000, 1010, 1020, 1030, 1040, 1050, 1060, 1070, 1080,
       1090, 1100, 1110, 1120, 1130, 1140, 1150, 1160, 1170, 1180, 1190,
       1200, 1210, 1220, 1230, 1240, 1250, 1260, 1270, 1280, 1290, 1300,
       1310, 1320, 1330, 1340, 1350, 1360, 1370, 1380, 1390, 1400, 1410,
       1420, 1430, 1440, 1450, 1460, 1470, 1480, 1490, 1500, 1510, 1520,
       1530, 1540, 1550, 1560, 1570, 1580, 1590, 1600, 1610, 1620, 1630,
       1640, 1650, 1660, 1670, 1680, 1690, 1700, 1710, 1720, 1730, 1740,
       1750, 1760, 1770, 1780, 1790, 1800, 1810, 1820, 1830, 1840, 1850,
       1860, 1870, 1880, 1890, 1900, 1910, 1920, 1930, 1940, 1950, 1960,
       1970, 1980, 1990, 2000, 2010, 2020, 2030, 2040, 2050, 2060, 2070,
       2080, 2090, 2100, 2110, 2120, 2130, 2140, 2150, 2160, 2170, 2180,
       2190, 2200, 2210, 2220, 2230, 2240, 2250, 2260, 2270, 2280, 2290,
       2300, 2310, 2320, 2330, 2340, 2350, 2360, 2370, 2380, 2390, 2400,
       2410, 2420, 2430, 2440, 2450, 2460, 2470, 2480, 2490, 2500, 2510,
       2520, 2530, 2540, 2550, 2560, 2570, 2580, 2590, 2600, 2610, 2620,
       2630, 2640, 2650, 2660, 2670, 2680, 2690, 2700, 2710, 2720, 2730,
       2740, 2750, 2760, 2770, 2780, 2790, 2800, 2810, 2820, 2830, 2840,
       2850, 2860, 2870, 2880, 2890, 2900, 2910, 2920, 2930, 2940, 2950,
       2960, 2970, 2980, 2990, 3000, 3010, 3020, 3030, 3040, 3050, 3060,
       3070, 3080, 3090, 3100, 3110, 3120, 3130, 3140, 3150, 3160, 3170,
       3180, 3190, 3200, 3210, 3220, 3230, 3240, 3250, 3260, 3270, 3280,
       3290, 3300, 3310, 3320, 3330, 3340, 3350, 3360, 3370, 3380, 3390,
       3400, 3410, 3420, 3430, 3440, 3450, 3460, 3470, 3480, 3490, 3500,
       3510, 3520, 3530, 3540, 3550, 3560, 3570, 3580, 3590, 3600, 3610,
       3620, 3630, 3640, 3650, 3660, 3670, 3680, 3690, 3700, 3710, 3720,
       3730, 3740, 3750, 3760, 3770, 3780, 3790, 3800, 3810, 3820, 3830,
       3840, 3850, 3860, 3870, 3880, 3890, 3900, 3910, 3920, 3930, 3940,
       3950, 3960, 3970, 3980, 3990, 4000, 4010, 4020, 4030, 4040, 4050,
       4060, 4070, 4080, 4090, 4100, 4110, 4120, 4130, 4140, 4150, 4160,
       4170, 4180, 4190, 4200, 4210, 4220, 4230, 4240, 4250, 4260, 4270,
       4280, 4290, 4300, 4310, 4320, 4330, 4340, 4350, 4360, 4370, 4380,
       4390, 4400, 4410, 4420, 4430, 4440, 4450, 4460, 4470, 4480, 4490,
       4500, 4510, 4520, 4530, 4540, 4550, 4560, 4570, 4580, 4590, 4600,
       4610, 4620, 4630, 4640, 4650, 4660, 4670, 4680, 4690, 4700, 4710,
       4720, 4730, 4740, 4750, 4760, 4770, 4780, 4790, 4800, 4810, 4820,
       4830, 4840, 4850, 4860, 4870, 4880, 4890, 4900, 4910, 4920, 4930,
       4940, 4950, 4960, 4970, 4980, 4990, 5000, 5010, 5020, 5030, 5040,
       5050, 5060, 5070, 5080, 5090, 5100, 5110, 5120, 5130, 5140, 5150,
       5160, 5170, 5180, 5190, 5200, 5210, 5220, 5230, 5240, 5250, 5260,
       5270, 5280, 5290, 5300, 5310, 5320, 5330, 5340, 5350, 5360, 5370,
       5380, 5390, 5400, 5410, 5420, 5430, 5440, 5450, 5460, 5470, 5480,
       5490, 5500, 5510, 5520, 5530, 5540, 5550, 5560, 5570, 5580, 5590,
       5600, 5610, 5620, 5630, 5640, 5650, 5660, 5670, 5680, 5690, 5700,
       5710, 5720, 5730, 5740, 5750, 5760, 5770, 5780, 5790, 5800, 5810,
       5820, 5830, 5840, 5850, 5860, 5870, 5880, 5890, 5900, 5910, 5920,
       5930, 5940, 5950, 5960, 5970, 5980, 5990, 6000, 6010, 6020, 6030,
       6040, 6050, 6060, 6070, 6080, 6090, 6100, 6110, 6120, 6130, 6140,
       6150, 6160, 6170, 6180, 6190, 6200, 6210, 6220, 6230, 6240, 6250,
       6260, 6270, 6280, 6290, 6300, 6310, 6320, 6330, 6340, 6350, 6360,
       6370, 6380, 6390, 6400, 6410, 6420, 6430, 6440, 6450, 6460, 6470,
       6480, 6490, 6500, 6510, 6520, 6530, 6540, 6550, 6560, 6570, 6580,
       6590, 6600, 6610, 6620, 6630, 6640, 6650, 6660, 6670, 6680, 6690,
       6700, 6710, 6720, 6730, 6740, 6750, 6760, 6770, 6780, 6790, 6800,
       6810, 6820, 6830, 6840, 6850, 6860, 6870, 6880, 6890, 6900, 6910,
       6920, 6930, 6940, 6950, 6960, 6970, 6980, 6990, 7000, 7010, 7020,
       7030, 7040, 7050, 7060, 7070, 7080, 7090, 7100, 7110, 7120, 7130,
       7140, 7150, 7160, 7170, 7180, 7190, 7200, 7210, 7220, 7230, 7240,
       7250, 7260, 7270, 7280, 7290, 7300, 7310, 7320, 7330, 7340, 7350,
       7360, 7370, 7380, 7390, 7400, 7410, 7420, 7430, 7440, 7450, 7460,
       7470, 7480, 7490, 7500, 7510, 7520, 7530, 7540, 7550, 7560, 7570,
       7580, 7590, 7600, 7610, 7620, 7630, 7640, 7650, 7660, 7670, 7680,
       7690, 7700, 7710, 7720, 7730, 7740, 7750, 7760, 7770, 7780, 7790,
       7800, 7810, 7820, 7830, 7840, 7850, 7860, 7870, 7880, 7890, 7900,
       7910, 7920, 7930, 7940, 7950, 7960, 7970, 7980, 7990, 8000, 8010,
       8020, 8030, 8040, 8050, 8060, 8070, 8080, 8090, 8100, 8110, 8120,
       8130, 8140, 8150, 8160, 8170, 8180, 8190, 8200, 8210, 8220, 8230,
       8240, 8250, 8260, 8270, 8280, 8290, 8300, 8310, 8320, 8330, 8340,
       8350, 8360, 8370, 8380, 8390, 8400, 8410, 8420, 8430, 8440, 8450,
       8460, 8470, 8480, 8490, 8500, 8510, 8520, 8530, 8540, 8550, 8560,
       8570, 8580, 8590, 8600, 8610, 8620, 8630, 8640, 8650, 8660, 8670,
       8680, 8690, 8700, 8710, 8720, 8730, 8740, 8750, 8760, 8770, 8780,
       8790, 8800, 8810, 8820, 8830, 8840, 8850, 8860, 8870, 8880, 8890,
       8900, 8910, 8920, 8930, 8940, 8950, 8960, 8970, 8980, 8990, 9000,
       9010, 9020, 9030, 9040, 9050, 9060, 9070, 9080, 9090, 9100, 9110,
       9120, 9130, 9140, 9150, 9160, 9170, 9180, 9190, 9200, 9210, 9220,
       9230, 9240, 9250, 9260, 9270, 9280, 9290, 9300, 9310, 9320, 9330,
       9340, 9350, 9360, 9370, 9380, 9390, 9400, 9410, 9420, 9430, 9440,
       9450, 9460, 9470, 9480, 9490, 9500, 9510, 9520, 9530, 9540, 9550,
       9560, 9570, 9580, 9590, 9600, 9610, 9620, 9630, 9640, 9650, 9660,
       9670, 9680, 9690, 9700, 9710, 9720, 9730, 9740, 9750, 9760, 9770,
       9780, 9790, 9800, 9810, 9820, 9830, 9840, 9850, 9860, 9870, 9880,
       9890, 9900, 9910, 9920, 9930, 9940, 9950, 9960, 9970, 9980, 9990])}, 'RF': {'compute_importances': [True], 'min_samples_leaf': array([ 100,  110,  120,  130,  140,  150,  160,  170,  180,  190,  200,
        210,  220,  230,  240,  250,  260,  270,  280,  290,  300,  310,
        320,  330,  340,  350,  360,  370,  380,  390,  400,  410,  420,
        430,  440,  450,  460,  470,  480,  490,  500,  510,  520,  530,
        540,  550,  560,  570,  580,  590,  600,  610,  620,  630,  640,
        650,  660,  670,  680,  690,  700,  710,  720,  730,  740,  750,
        760,  770,  780,  790,  800,  810,  820,  830,  840,  850,  860,
        870,  880,  890,  900,  910,  920,  930,  940,  950,  960,  970,
        980,  990, 1000, 1010, 1020, 1030, 1040, 1050, 1060, 1070, 1080,
       1090, 1100, 1110, 1120, 1130, 1140, 1150, 1160, 1170, 1180, 1190,
       1200, 1210, 1220, 1230, 1240, 1250, 1260, 1270, 1280, 1290, 1300,
       1310, 1320, 1330, 1340, 1350, 1360, 1370, 1380, 1390, 1400, 1410,
       1420, 1430, 1440, 1450, 1460, 1470, 1480, 1490, 1500, 1510, 1520,
       1530, 1540, 1550, 1560, 1570, 1580, 1590, 1600, 1610, 1620, 1630,
       1640, 1650, 1660, 1670, 1680, 1690, 1700, 1710, 1720, 1730, 1740,
       1750, 1760, 1770, 1780, 1790, 1800, 1810, 1820, 1830, 1840, 1850,
       1860, 1870, 1880, 1890, 1900, 1910, 1920, 1930, 1940, 1950, 1960,
       1970, 1980, 1990, 2000, 2010, 2020, 2030, 2040, 2050, 2060, 2070,
       2080, 2090, 2100, 2110, 2120, 2130, 2140, 2150, 2160, 2170, 2180,
       2190, 2200, 2210, 2220, 2230, 2240, 2250, 2260, 2270, 2280, 2290,
       2300, 2310, 2320, 2330, 2340, 2350, 2360, 2370, 2380, 2390, 2400,
       2410, 2420, 2430, 2440, 2450, 2460, 2470, 2480, 2490, 2500, 2510,
       2520, 2530, 2540, 2550, 2560, 2570, 2580, 2590, 2600, 2610, 2620,
       2630, 2640, 2650, 2660, 2670, 2680, 2690, 2700, 2710, 2720, 2730,
       2740, 2750, 2760, 2770, 2780, 2790, 2800, 2810, 2820, 2830, 2840,
       2850, 2860, 2870, 2880, 2890, 2900, 2910, 2920, 2930, 2940, 2950,
       2960, 2970, 2980, 2990, 3000, 3010, 3020, 3030, 3040, 3050, 3060,
       3070, 3080, 3090, 3100, 3110, 3120, 3130, 3140, 3150, 3160, 3170,
       3180, 3190, 3200, 3210, 3220, 3230, 3240, 3250, 3260, 3270, 3280,
       3290, 3300, 3310, 3320, 3330, 3340, 3350, 3360, 3370, 3380, 3390,
       3400, 3410, 3420, 3430, 3440, 3450, 3460, 3470, 3480, 3490, 3500,
       3510, 3520, 3530, 3540, 3550, 3560, 3570, 3580, 3590, 3600, 3610,
       3620, 3630, 3640, 3650, 3660, 3670, 3680, 3690, 3700, 3710, 3720,
       3730, 3740, 3750, 3760, 3770, 3780, 3790, 3800, 3810, 3820, 3830,
       3840, 3850, 3860, 3870, 3880, 3890, 3900, 3910, 3920, 3930, 3940,
       3950, 3960, 3970, 3980, 3990, 4000, 4010, 4020, 4030, 4040, 4050,
       4060, 4070, 4080, 4090, 4100, 4110, 4120, 4130, 4140, 4150, 4160,
       4170, 4180, 4190, 4200, 4210, 4220, 4230, 4240, 4250, 4260, 4270,
       4280, 4290, 4300, 4310, 4320, 4330, 4340, 4350, 4360, 4370, 4380,
       4390, 4400, 4410, 4420, 4430, 4440, 4450, 4460, 4470, 4480, 4490,
       4500, 4510, 4520, 4530, 4540, 4550, 4560, 4570, 4580, 4590, 4600,
       4610, 4620, 4630, 4640, 4650, 4660, 4670, 4680, 4690, 4700, 4710,
       4720, 4730, 4740, 4750, 4760, 4770, 4780, 4790, 4800, 4810, 4820,
       4830, 4840, 4850, 4860, 4870, 4880, 4890, 4900, 4910, 4920, 4930,
       4940, 4950, 4960, 4970, 4980, 4990, 5000, 5010, 5020, 5030, 5040,
       5050, 5060, 5070, 5080, 5090, 5100, 5110, 5120, 5130, 5140, 5150,
       5160, 5170, 5180, 5190, 5200, 5210, 5220, 5230, 5240, 5250, 5260,
       5270, 5280, 5290, 5300, 5310, 5320, 5330, 5340, 5350, 5360, 5370,
       5380, 5390, 5400, 5410, 5420, 5430, 5440, 5450, 5460, 5470, 5480,
       5490, 5500, 5510, 5520, 5530, 5540, 5550, 5560, 5570, 5580, 5590,
       5600, 5610, 5620, 5630, 5640, 5650, 5660, 5670, 5680, 5690, 5700,
       5710, 5720, 5730, 5740, 5750, 5760, 5770, 5780, 5790, 5800, 5810,
       5820, 5830, 5840, 5850, 5860, 5870, 5880, 5890, 5900, 5910, 5920,
       5930, 5940, 5950, 5960, 5970, 5980, 5990, 6000, 6010, 6020, 6030,
       6040, 6050, 6060, 6070, 6080, 6090, 6100, 6110, 6120, 6130, 6140,
       6150, 6160, 6170, 6180, 6190, 6200, 6210, 6220, 6230, 6240, 6250,
       6260, 6270, 6280, 6290, 6300, 6310, 6320, 6330, 6340, 6350, 6360,
       6370, 6380, 6390, 6400, 6410, 6420, 6430, 6440, 6450, 6460, 6470,
       6480, 6490, 6500, 6510, 6520, 6530, 6540, 6550, 6560, 6570, 6580,
       6590, 6600, 6610, 6620, 6630, 6640, 6650, 6660, 6670, 6680, 6690,
       6700, 6710, 6720, 6730, 6740, 6750, 6760, 6770, 6780, 6790, 6800,
       6810, 6820, 6830, 6840, 6850, 6860, 6870, 6880, 6890, 6900, 6910,
       6920, 6930, 6940, 6950, 6960, 6970, 6980, 6990, 7000, 7010, 7020,
       7030, 7040, 7050, 7060, 7070, 7080, 7090, 7100, 7110, 7120, 7130,
       7140, 7150, 7160, 7170, 7180, 7190, 7200, 7210, 7220, 7230, 7240,
       7250, 7260, 7270, 7280, 7290, 7300, 7310, 7320, 7330, 7340, 7350,
       7360, 7370, 7380, 7390, 7400, 7410, 7420, 7430, 7440, 7450, 7460,
       7470, 7480, 7490, 7500, 7510, 7520, 7530, 7540, 7550, 7560, 7570,
       7580, 7590, 7600, 7610, 7620, 7630, 7640, 7650, 7660, 7670, 7680,
       7690, 7700, 7710, 7720, 7730, 7740, 7750, 7760, 7770, 7780, 7790,
       7800, 7810, 7820, 7830, 7840, 7850, 7860, 7870, 7880, 7890, 7900,
       7910, 7920, 7930, 7940, 7950, 7960, 7970, 7980, 7990, 8000, 8010,
       8020, 8030, 8040, 8050, 8060, 8070, 8080, 8090, 8100, 8110, 8120,
       8130, 8140, 8150, 8160, 8170, 8180, 8190, 8200, 8210, 8220, 8230,
       8240, 8250, 8260, 8270, 8280, 8290, 8300, 8310, 8320, 8330, 8340,
       8350, 8360, 8370, 8380, 8390, 8400, 8410, 8420, 8430, 8440, 8450,
       8460, 8470, 8480, 8490, 8500, 8510, 8520, 8530, 8540, 8550, 8560,
       8570, 8580, 8590, 8600, 8610, 8620, 8630, 8640, 8650, 8660, 8670,
       8680, 8690, 8700, 8710, 8720, 8730, 8740, 8750, 8760, 8770, 8780,
       8790, 8800, 8810, 8820, 8830, 8840, 8850, 8860, 8870, 8880, 8890,
       8900, 8910, 8920, 8930, 8940, 8950, 8960, 8970, 8980, 8990, 9000,
       9010, 9020, 9030, 9040, 9050, 9060, 9070, 9080, 9090, 9100, 9110,
       9120, 9130, 9140, 9150, 9160, 9170, 9180, 9190, 9200, 9210, 9220,
       9230, 9240, 9250, 9260, 9270, 9280, 9290, 9300, 9310, 9320, 9330,
       9340, 9350, 9360, 9370, 9380, 9390, 9400, 9410, 9420, 9430, 9440,
       9450, 9460, 9470, 9480, 9490, 9500, 9510, 9520, 9530, 9540, 9550,
       9560, 9570, 9580, 9590, 9600, 9610, 9620, 9630, 9640, 9650, 9660,
       9670, 9680, 9690, 9700, 9710, 9720, 9730, 9740, 9750, 9760, 9770,
       9780, 9790, 9800, 9810, 9820, 9830, 9840, 9850, 9860, 9870, 9880,
       9890, 9900, 9910, 9920, 9930, 9940, 9950, 9960, 9970, 9980, 9990])}, 'LR': {'penalty': ['l1', 'l2'], 'C': [0.0625, 0.125, 0.25, 0.5, 1.0, 2.0, 4.0, 8.0, 16.0]}, 'SVC': {'C': [0.0625, 0.125, 0.25, 0.5, 1.0, 2.0, 4.0, 8.0, 16.0], 'gamma': [0.0625, 0.125, 0.25, 0.5, 1.0, 2.0, 4.0, 8.0, 16.0]}, 'LinSVC': {'C': [0.0625, 0.125, 0.25, 0.5, 1.0, 2.0, 4.0, 8.0, 16.0]}}
2013-08-26 11:21:47.835824 : DecisionTreeClassifier(compute_importances=False, criterion=gini,
            max_depth=None, max_features=None, min_density=0.1,
            min_samples_leaf=1, min_samples_split=1, random_state=None)
2013-08-26 11:21:47.835989 : Running CV
2013-08-26 11:21:51.959292 : Done running CV
Mean 0.61941 Standard Deviation 0.00700977175092
2013-08-26 11:21:51.959435 : Done performing classification
[ 0.6149  0.6182  0.62    0.6217  0.6242  0.6235  0.6036  0.6136  0.6303
  0.6241]
K:  20
2013-08-26 11:21:51.959823 : Reading X,y from data/y_X_churn_K_20.csv
2013-08-26 11:21:52.174199 : Done reading
Number of features (3182, 45)
(SVC(C=1.0, cache_size=200, class_weight=None, coef0=0.0, degree=3, gamma=0.0,
  kernel='rbf', probability=False, shrinking=True, tol=0.001,
  verbose=False), 'SVC')
2013-08-26 11:21:52.174671 : Performing classification
2013-08-26 11:21:52.174690 : Fetching cv params
2013-08-26 11:21:52.174723 : Returning cv params
2013-08-26 11:21:52.174729 : {'DT': {'compute_importances': [True], 'min_samples_leaf': array([100, 110, 120, 130, 140, 150, 160, 170, 180, 190, 200, 210, 220,
       230, 240, 250, 260, 270, 280, 290, 300, 310])}, 'RF': {'compute_importances': [True], 'min_samples_leaf': array([100, 110, 120, 130, 140, 150, 160, 170, 180, 190, 200, 210, 220,
       230, 240, 250, 260, 270, 280, 290, 300, 310])}, 'LR': {'penalty': ['l1', 'l2'], 'C': [0.0625, 0.125, 0.25, 0.5, 1.0, 2.0, 4.0, 8.0, 16.0]}, 'SVC': {'C': [0.0625, 0.125, 0.25, 0.5, 1.0, 2.0, 4.0, 8.0, 16.0], 'gamma': [0.0625, 0.125, 0.25, 0.5, 1.0, 2.0, 4.0, 8.0, 16.0]}, 'LinSVC': {'C': [0.0625, 0.125, 0.25, 0.5, 1.0, 2.0, 4.0, 8.0, 16.0]}}
2013-08-26 11:21:52.180845 : SVC(C=1.0, cache_size=200, class_weight=None, coef0=0.0, degree=3, gamma=0.0,
  kernel=rbf, probability=False, shrinking=True, tol=0.001, verbose=False)
2013-08-26 11:21:52.181024 : Running CV
2013-08-26 11:21:54.030007 : Done running CV
Mean 0.695796612843 Standard Deviation 0.0289261734202
2013-08-26 11:21:54.030146 : Done performing classification
[ 0.69905956  0.6677116   0.74213836  0.66666667  0.66037736  0.70125786
  0.71069182  0.71698113  0.66037736  0.7327044 ]
K:  19
2013-08-26 11:21:54.030521 : Reading X,y from data/y_X_churn_K_19.csv
2013-08-26 11:21:54.241699 : Done reading
Number of features (3486, 44)
(SVC(C=1.0, cache_size=200, class_weight=None, coef0=0.0, degree=3, gamma=0.0,
  kernel='rbf', probability=False, shrinking=True, tol=0.001,
  verbose=False), 'SVC')
2013-08-26 11:21:54.242084 : Performing classification
2013-08-26 11:21:54.242097 : Fetching cv params
2013-08-26 11:21:54.242130 : Returning cv params
2013-08-26 11:21:54.242136 : {'DT': {'compute_importances': [True], 'min_samples_leaf': array([100, 110, 120, 130, 140, 150, 160, 170, 180, 190, 200, 210, 220,
       230, 240, 250, 260, 270, 280, 290, 300, 310, 320, 330, 340])}, 'RF': {'compute_importances': [True], 'min_samples_leaf': array([100, 110, 120, 130, 140, 150, 160, 170, 180, 190, 200, 210, 220,
       230, 240, 250, 260, 270, 280, 290, 300, 310, 320, 330, 340])}, 'LR': {'penalty': ['l1', 'l2'], 'C': [0.0625, 0.125, 0.25, 0.5, 1.0, 2.0, 4.0, 8.0, 16.0]}, 'SVC': {'C': [0.0625, 0.125, 0.25, 0.5, 1.0, 2.0, 4.0, 8.0, 16.0], 'gamma': [0.0625, 0.125, 0.25, 0.5, 1.0, 2.0, 4.0, 8.0, 16.0]}, 'LinSVC': {'C': [0.0625, 0.125, 0.25, 0.5, 1.0, 2.0, 4.0, 8.0, 16.0]}}
2013-08-26 11:21:54.248403 : SVC(C=1.0, cache_size=200, class_weight=None, coef0=0.0, degree=3, gamma=0.0,
  kernel=rbf, probability=False, shrinking=True, tol=0.001, verbose=False)
2013-08-26 11:21:54.248567 : Running CV
2013-08-26 11:21:55.896863 : Done running CV
Mean 0.687329150611 Standard Deviation 0.0264159193541
2013-08-26 11:21:55.897052 : Done performing classification
[ 0.67908309  0.67621777  0.71060172  0.68767908  0.63896848  0.70200573
  0.66666667  0.6637931   0.72413793  0.72413793]
K:  18
2013-08-26 11:21:55.897462 : Reading X,y from data/y_X_churn_K_18.csv
2013-08-26 11:21:56.126802 : Done reading
Number of features (3902, 43)
(SVC(C=1.0, cache_size=200, class_weight=None, coef0=0.0, degree=3, gamma=0.0,
  kernel='rbf', probability=False, shrinking=True, tol=0.001,
  verbose=False), 'SVC')
2013-08-26 11:21:56.127239 : Performing classification
2013-08-26 11:21:56.127254 : Fetching cv params
2013-08-26 11:21:56.127285 : Returning cv params
2013-08-26 11:21:56.127291 : {'DT': {'compute_importances': [True], 'min_samples_leaf': array([100, 110, 120, 130, 140, 150, 160, 170, 180, 190, 200, 210, 220,
       230, 240, 250, 260, 270, 280, 290, 300, 310, 320, 330, 340, 350,
       360, 370, 380])}, 'RF': {'compute_importances': [True], 'min_samples_leaf': array([100, 110, 120, 130, 140, 150, 160, 170, 180, 190, 200, 210, 220,
       230, 240, 250, 260, 270, 280, 290, 300, 310, 320, 330, 340, 350,
       360, 370, 380])}, 'LR': {'penalty': ['l1', 'l2'], 'C': [0.0625, 0.125, 0.25, 0.5, 1.0, 2.0, 4.0, 8.0, 16.0]}, 'SVC': {'C': [0.0625, 0.125, 0.25, 0.5, 1.0, 2.0, 4.0, 8.0, 16.0], 'gamma': [0.0625, 0.125, 0.25, 0.5, 1.0, 2.0, 4.0, 8.0, 16.0]}, 'LinSVC': {'C': [0.0625, 0.125, 0.25, 0.5, 1.0, 2.0, 4.0, 8.0, 16.0]}}
2013-08-26 11:21:56.134871 : SVC(C=1.0, cache_size=200, class_weight=None, coef0=0.0, degree=3, gamma=0.0,
  kernel=rbf, probability=False, shrinking=True, tol=0.001, verbose=False)
2013-08-26 11:21:56.135051 : Running CV
2013-08-26 11:21:58.387207 : Done running CV
Mean 0.696055479048 Standard Deviation 0.0151646256968
2013-08-26 11:21:58.387353 : Done performing classification
[ 0.7084399   0.67519182  0.6974359   0.70512821  0.69230769  0.7025641
  0.68205128  0.71538462  0.66923077  0.71282051]
K:  17
2013-08-26 11:21:58.387741 : Reading X,y from data/y_X_churn_K_17.csv
2013-08-26 11:21:58.630267 : Done reading
Number of features (4194, 42)
(SVC(C=1.0, cache_size=200, class_weight=None, coef0=0.0, degree=3, gamma=0.0,
  kernel='rbf', probability=False, shrinking=True, tol=0.001,
  verbose=False), 'SVC')
2013-08-26 11:21:58.630709 : Performing classification
2013-08-26 11:21:58.630724 : Fetching cv params
2013-08-26 11:21:58.630756 : Returning cv params
2013-08-26 11:21:58.630762 : {'DT': {'compute_importances': [True], 'min_samples_leaf': array([100, 110, 120, 130, 140, 150, 160, 170, 180, 190, 200, 210, 220,
       230, 240, 250, 260, 270, 280, 290, 300, 310, 320, 330, 340, 350,
       360, 370, 380, 390, 400, 410])}, 'RF': {'compute_importances': [True], 'min_samples_leaf': array([100, 110, 120, 130, 140, 150, 160, 170, 180, 190, 200, 210, 220,
       230, 240, 250, 260, 270, 280, 290, 300, 310, 320, 330, 340, 350,
       360, 370, 380, 390, 400, 410])}, 'LR': {'penalty': ['l1', 'l2'], 'C': [0.0625, 0.125, 0.25, 0.5, 1.0, 2.0, 4.0, 8.0, 16.0]}, 'SVC': {'C': [0.0625, 0.125, 0.25, 0.5, 1.0, 2.0, 4.0, 8.0, 16.0], 'gamma': [0.0625, 0.125, 0.25, 0.5, 1.0, 2.0, 4.0, 8.0, 16.0]}, 'LinSVC': {'C': [0.0625, 0.125, 0.25, 0.5, 1.0, 2.0, 4.0, 8.0, 16.0]}}
2013-08-26 11:21:58.638579 : SVC(C=1.0, cache_size=200, class_weight=None, coef0=0.0, degree=3, gamma=0.0,
  kernel=rbf, probability=False, shrinking=True, tol=0.001, verbose=False)
2013-08-26 11:21:58.638752 : Running CV
2013-08-26 11:22:01.191194 : Done running CV
Mean 0.680021593363 Standard Deviation 0.0140801793951
2013-08-26 11:22:01.191382 : Done performing classification
[ 0.67619048  0.65952381  0.68333333  0.69047619  0.66825776  0.6849642
  0.70167064  0.6849642   0.65632458  0.69451074]
K:  16
2013-08-26 11:22:01.191780 : Reading X,y from data/y_X_churn_K_16.csv
2013-08-26 11:22:01.465489 : Done reading
Number of features (4830, 41)
(SVC(C=1.0, cache_size=200, class_weight=None, coef0=0.0, degree=3, gamma=0.0,
  kernel='rbf', probability=False, shrinking=True, tol=0.001,
  verbose=False), 'SVC')
2013-08-26 11:22:01.466011 : Performing classification
2013-08-26 11:22:01.466030 : Fetching cv params
2013-08-26 11:22:01.466060 : Returning cv params
2013-08-26 11:22:01.466066 : {'DT': {'compute_importances': [True], 'min_samples_leaf': array([100, 110, 120, 130, 140, 150, 160, 170, 180, 190, 200, 210, 220,
       230, 240, 250, 260, 270, 280, 290, 300, 310, 320, 330, 340, 350,
       360, 370, 380, 390, 400, 410, 420, 430, 440, 450, 460, 470, 480])}, 'RF': {'compute_importances': [True], 'min_samples_leaf': array([100, 110, 120, 130, 140, 150, 160, 170, 180, 190, 200, 210, 220,
       230, 240, 250, 260, 270, 280, 290, 300, 310, 320, 330, 340, 350,
       360, 370, 380, 390, 400, 410, 420, 430, 440, 450, 460, 470, 480])}, 'LR': {'penalty': ['l1', 'l2'], 'C': [0.0625, 0.125, 0.25, 0.5, 1.0, 2.0, 4.0, 8.0, 16.0]}, 'SVC': {'C': [0.0625, 0.125, 0.25, 0.5, 1.0, 2.0, 4.0, 8.0, 16.0], 'gamma': [0.0625, 0.125, 0.25, 0.5, 1.0, 2.0, 4.0, 8.0, 16.0]}, 'LinSVC': {'C': [0.0625, 0.125, 0.25, 0.5, 1.0, 2.0, 4.0, 8.0, 16.0]}}
2013-08-26 11:22:01.474833 : SVC(C=1.0, cache_size=200, class_weight=None, coef0=0.0, degree=3, gamma=0.0,
  kernel=rbf, probability=False, shrinking=True, tol=0.001, verbose=False)
2013-08-26 11:22:01.475009 : Running CV
2013-08-26 11:22:04.328193 : Done running CV
Mean 0.694409937888 Standard Deviation 0.0275790075451
2013-08-26 11:22:04.328363 : Done performing classification
[ 0.7184265   0.66666667  0.71014493  0.68115942  0.73291925  0.73498965
  0.69565217  0.67494824  0.64803313  0.68115942]
K:  5
2013-08-26 11:22:04.328765 : Reading X,y from data/y_X_churn_K_5.csv
2013-08-26 11:22:05.718747 : Done reading
Number of features (32446, 30)
(SVC(C=1.0, cache_size=200, class_weight=None, coef0=0.0, degree=3, gamma=0.0,
  kernel='rbf', probability=False, shrinking=True, tol=0.001,
  verbose=False), 'SVC')
2013-08-26 11:22:05.720504 : Performing classification
2013-08-26 11:22:05.720533 : Fetching cv params
2013-08-26 11:22:05.720568 : Returning cv params
2013-08-26 11:22:05.720574 : {'DT': {'compute_importances': [True], 'min_samples_leaf': array([ 100,  110,  120,  130,  140,  150,  160,  170,  180,  190,  200,
        210,  220,  230,  240,  250,  260,  270,  280,  290,  300,  310,
        320,  330,  340,  350,  360,  370,  380,  390,  400,  410,  420,
        430,  440,  450,  460,  470,  480,  490,  500,  510,  520,  530,
        540,  550,  560,  570,  580,  590,  600,  610,  620,  630,  640,
        650,  660,  670,  680,  690,  700,  710,  720,  730,  740,  750,
        760,  770,  780,  790,  800,  810,  820,  830,  840,  850,  860,
        870,  880,  890,  900,  910,  920,  930,  940,  950,  960,  970,
        980,  990, 1000, 1010, 1020, 1030, 1040, 1050, 1060, 1070, 1080,
       1090, 1100, 1110, 1120, 1130, 1140, 1150, 1160, 1170, 1180, 1190,
       1200, 1210, 1220, 1230, 1240, 1250, 1260, 1270, 1280, 1290, 1300,
       1310, 1320, 1330, 1340, 1350, 1360, 1370, 1380, 1390, 1400, 1410,
       1420, 1430, 1440, 1450, 1460, 1470, 1480, 1490, 1500, 1510, 1520,
       1530, 1540, 1550, 1560, 1570, 1580, 1590, 1600, 1610, 1620, 1630,
       1640, 1650, 1660, 1670, 1680, 1690, 1700, 1710, 1720, 1730, 1740,
       1750, 1760, 1770, 1780, 1790, 1800, 1810, 1820, 1830, 1840, 1850,
       1860, 1870, 1880, 1890, 1900, 1910, 1920, 1930, 1940, 1950, 1960,
       1970, 1980, 1990, 2000, 2010, 2020, 2030, 2040, 2050, 2060, 2070,
       2080, 2090, 2100, 2110, 2120, 2130, 2140, 2150, 2160, 2170, 2180,
       2190, 2200, 2210, 2220, 2230, 2240, 2250, 2260, 2270, 2280, 2290,
       2300, 2310, 2320, 2330, 2340, 2350, 2360, 2370, 2380, 2390, 2400,
       2410, 2420, 2430, 2440, 2450, 2460, 2470, 2480, 2490, 2500, 2510,
       2520, 2530, 2540, 2550, 2560, 2570, 2580, 2590, 2600, 2610, 2620,
       2630, 2640, 2650, 2660, 2670, 2680, 2690, 2700, 2710, 2720, 2730,
       2740, 2750, 2760, 2770, 2780, 2790, 2800, 2810, 2820, 2830, 2840,
       2850, 2860, 2870, 2880, 2890, 2900, 2910, 2920, 2930, 2940, 2950,
       2960, 2970, 2980, 2990, 3000, 3010, 3020, 3030, 3040, 3050, 3060,
       3070, 3080, 3090, 3100, 3110, 3120, 3130, 3140, 3150, 3160, 3170,
       3180, 3190, 3200, 3210, 3220, 3230, 3240])}, 'RF': {'compute_importances': [True], 'min_samples_leaf': array([ 100,  110,  120,  130,  140,  150,  160,  170,  180,  190,  200,
        210,  220,  230,  240,  250,  260,  270,  280,  290,  300,  310,
        320,  330,  340,  350,  360,  370,  380,  390,  400,  410,  420,
        430,  440,  450,  460,  470,  480,  490,  500,  510,  520,  530,
        540,  550,  560,  570,  580,  590,  600,  610,  620,  630,  640,
        650,  660,  670,  680,  690,  700,  710,  720,  730,  740,  750,
        760,  770,  780,  790,  800,  810,  820,  830,  840,  850,  860,
        870,  880,  890,  900,  910,  920,  930,  940,  950,  960,  970,
        980,  990, 1000, 1010, 1020, 1030, 1040, 1050, 1060, 1070, 1080,
       1090, 1100, 1110, 1120, 1130, 1140, 1150, 1160, 1170, 1180, 1190,
       1200, 1210, 1220, 1230, 1240, 1250, 1260, 1270, 1280, 1290, 1300,
       1310, 1320, 1330, 1340, 1350, 1360, 1370, 1380, 1390, 1400, 1410,
       1420, 1430, 1440, 1450, 1460, 1470, 1480, 1490, 1500, 1510, 1520,
       1530, 1540, 1550, 1560, 1570, 1580, 1590, 1600, 1610, 1620, 1630,
       1640, 1650, 1660, 1670, 1680, 1690, 1700, 1710, 1720, 1730, 1740,
       1750, 1760, 1770, 1780, 1790, 1800, 1810, 1820, 1830, 1840, 1850,
       1860, 1870, 1880, 1890, 1900, 1910, 1920, 1930, 1940, 1950, 1960,
       1970, 1980, 1990, 2000, 2010, 2020, 2030, 2040, 2050, 2060, 2070,
       2080, 2090, 2100, 2110, 2120, 2130, 2140, 2150, 2160, 2170, 2180,
       2190, 2200, 2210, 2220, 2230, 2240, 2250, 2260, 2270, 2280, 2290,
       2300, 2310, 2320, 2330, 2340, 2350, 2360, 2370, 2380, 2390, 2400,
       2410, 2420, 2430, 2440, 2450, 2460, 2470, 2480, 2490, 2500, 2510,
       2520, 2530, 2540, 2550, 2560, 2570, 2580, 2590, 2600, 2610, 2620,
       2630, 2640, 2650, 2660, 2670, 2680, 2690, 2700, 2710, 2720, 2730,
       2740, 2750, 2760, 2770, 2780, 2790, 2800, 2810, 2820, 2830, 2840,
       2850, 2860, 2870, 2880, 2890, 2900, 2910, 2920, 2930, 2940, 2950,
       2960, 2970, 2980, 2990, 3000, 3010, 3020, 3030, 3040, 3050, 3060,
       3070, 3080, 3090, 3100, 3110, 3120, 3130, 3140, 3150, 3160, 3170,
       3180, 3190, 3200, 3210, 3220, 3230, 3240])}, 'LR': {'penalty': ['l1', 'l2'], 'C': [0.0625, 0.125, 0.25, 0.5, 1.0, 2.0, 4.0, 8.0, 16.0]}, 'SVC': {'C': [0.0625, 0.125, 0.25, 0.5, 1.0, 2.0, 4.0, 8.0, 16.0], 'gamma': [0.0625, 0.125, 0.25, 0.5, 1.0, 2.0, 4.0, 8.0, 16.0]}, 'LinSVC': {'C': [0.0625, 0.125, 0.25, 0.5, 1.0, 2.0, 4.0, 8.0, 16.0]}}
2013-08-26 11:22:05.771941 : SVC(C=1.0, cache_size=200, class_weight=None, coef0=0.0, degree=3, gamma=0.0,
  kernel=rbf, probability=False, shrinking=True, tol=0.001, verbose=False)
2013-08-26 11:22:05.772116 : Running CV
2013-08-26 11:24:28.931193 : Done running CV
Mean 0.643068355186 Standard Deviation 0.00667759323392
2013-08-26 11:24:28.931330 : Done performing classification
[ 0.6459168   0.63543914  0.65546995  0.64375963  0.64530046  0.6366718
  0.63964242  0.65289766  0.6350185   0.6405672 ]
K:  4
2013-08-26 11:24:28.931696 : Reading X,y from data/y_X_churn_K_4.csv
2013-08-26 11:24:30.873606 : Done reading
Number of features (46418, 29)
(SVC(C=1.0, cache_size=200, class_weight=None, coef0=0.0, degree=3, gamma=0.0,
  kernel='rbf', probability=False, shrinking=True, tol=0.001,
  verbose=False), 'SVC')
2013-08-26 11:24:30.875954 : Performing classification
2013-08-26 11:24:30.875984 : Fetching cv params
2013-08-26 11:24:30.876020 : Returning cv params
2013-08-26 11:24:30.876026 : {'DT': {'compute_importances': [True], 'min_samples_leaf': array([ 100,  110,  120,  130,  140,  150,  160,  170,  180,  190,  200,
        210,  220,  230,  240,  250,  260,  270,  280,  290,  300,  310,
        320,  330,  340,  350,  360,  370,  380,  390,  400,  410,  420,
        430,  440,  450,  460,  470,  480,  490,  500,  510,  520,  530,
        540,  550,  560,  570,  580,  590,  600,  610,  620,  630,  640,
        650,  660,  670,  680,  690,  700,  710,  720,  730,  740,  750,
        760,  770,  780,  790,  800,  810,  820,  830,  840,  850,  860,
        870,  880,  890,  900,  910,  920,  930,  940,  950,  960,  970,
        980,  990, 1000, 1010, 1020, 1030, 1040, 1050, 1060, 1070, 1080,
       1090, 1100, 1110, 1120, 1130, 1140, 1150, 1160, 1170, 1180, 1190,
       1200, 1210, 1220, 1230, 1240, 1250, 1260, 1270, 1280, 1290, 1300,
       1310, 1320, 1330, 1340, 1350, 1360, 1370, 1380, 1390, 1400, 1410,
       1420, 1430, 1440, 1450, 1460, 1470, 1480, 1490, 1500, 1510, 1520,
       1530, 1540, 1550, 1560, 1570, 1580, 1590, 1600, 1610, 1620, 1630,
       1640, 1650, 1660, 1670, 1680, 1690, 1700, 1710, 1720, 1730, 1740,
       1750, 1760, 1770, 1780, 1790, 1800, 1810, 1820, 1830, 1840, 1850,
       1860, 1870, 1880, 1890, 1900, 1910, 1920, 1930, 1940, 1950, 1960,
       1970, 1980, 1990, 2000, 2010, 2020, 2030, 2040, 2050, 2060, 2070,
       2080, 2090, 2100, 2110, 2120, 2130, 2140, 2150, 2160, 2170, 2180,
       2190, 2200, 2210, 2220, 2230, 2240, 2250, 2260, 2270, 2280, 2290,
       2300, 2310, 2320, 2330, 2340, 2350, 2360, 2370, 2380, 2390, 2400,
       2410, 2420, 2430, 2440, 2450, 2460, 2470, 2480, 2490, 2500, 2510,
       2520, 2530, 2540, 2550, 2560, 2570, 2580, 2590, 2600, 2610, 2620,
       2630, 2640, 2650, 2660, 2670, 2680, 2690, 2700, 2710, 2720, 2730,
       2740, 2750, 2760, 2770, 2780, 2790, 2800, 2810, 2820, 2830, 2840,
       2850, 2860, 2870, 2880, 2890, 2900, 2910, 2920, 2930, 2940, 2950,
       2960, 2970, 2980, 2990, 3000, 3010, 3020, 3030, 3040, 3050, 3060,
       3070, 3080, 3090, 3100, 3110, 3120, 3130, 3140, 3150, 3160, 3170,
       3180, 3190, 3200, 3210, 3220, 3230, 3240, 3250, 3260, 3270, 3280,
       3290, 3300, 3310, 3320, 3330, 3340, 3350, 3360, 3370, 3380, 3390,
       3400, 3410, 3420, 3430, 3440, 3450, 3460, 3470, 3480, 3490, 3500,
       3510, 3520, 3530, 3540, 3550, 3560, 3570, 3580, 3590, 3600, 3610,
       3620, 3630, 3640, 3650, 3660, 3670, 3680, 3690, 3700, 3710, 3720,
       3730, 3740, 3750, 3760, 3770, 3780, 3790, 3800, 3810, 3820, 3830,
       3840, 3850, 3860, 3870, 3880, 3890, 3900, 3910, 3920, 3930, 3940,
       3950, 3960, 3970, 3980, 3990, 4000, 4010, 4020, 4030, 4040, 4050,
       4060, 4070, 4080, 4090, 4100, 4110, 4120, 4130, 4140, 4150, 4160,
       4170, 4180, 4190, 4200, 4210, 4220, 4230, 4240, 4250, 4260, 4270,
       4280, 4290, 4300, 4310, 4320, 4330, 4340, 4350, 4360, 4370, 4380,
       4390, 4400, 4410, 4420, 4430, 4440, 4450, 4460, 4470, 4480, 4490,
       4500, 4510, 4520, 4530, 4540, 4550, 4560, 4570, 4580, 4590, 4600,
       4610, 4620, 4630, 4640])}, 'RF': {'compute_importances': [True], 'min_samples_leaf': array([ 100,  110,  120,  130,  140,  150,  160,  170,  180,  190,  200,
        210,  220,  230,  240,  250,  260,  270,  280,  290,  300,  310,
        320,  330,  340,  350,  360,  370,  380,  390,  400,  410,  420,
        430,  440,  450,  460,  470,  480,  490,  500,  510,  520,  530,
        540,  550,  560,  570,  580,  590,  600,  610,  620,  630,  640,
        650,  660,  670,  680,  690,  700,  710,  720,  730,  740,  750,
        760,  770,  780,  790,  800,  810,  820,  830,  840,  850,  860,
        870,  880,  890,  900,  910,  920,  930,  940,  950,  960,  970,
        980,  990, 1000, 1010, 1020, 1030, 1040, 1050, 1060, 1070, 1080,
       1090, 1100, 1110, 1120, 1130, 1140, 1150, 1160, 1170, 1180, 1190,
       1200, 1210, 1220, 1230, 1240, 1250, 1260, 1270, 1280, 1290, 1300,
       1310, 1320, 1330, 1340, 1350, 1360, 1370, 1380, 1390, 1400, 1410,
       1420, 1430, 1440, 1450, 1460, 1470, 1480, 1490, 1500, 1510, 1520,
       1530, 1540, 1550, 1560, 1570, 1580, 1590, 1600, 1610, 1620, 1630,
       1640, 1650, 1660, 1670, 1680, 1690, 1700, 1710, 1720, 1730, 1740,
       1750, 1760, 1770, 1780, 1790, 1800, 1810, 1820, 1830, 1840, 1850,
       1860, 1870, 1880, 1890, 1900, 1910, 1920, 1930, 1940, 1950, 1960,
       1970, 1980, 1990, 2000, 2010, 2020, 2030, 2040, 2050, 2060, 2070,
       2080, 2090, 2100, 2110, 2120, 2130, 2140, 2150, 2160, 2170, 2180,
       2190, 2200, 2210, 2220, 2230, 2240, 2250, 2260, 2270, 2280, 2290,
       2300, 2310, 2320, 2330, 2340, 2350, 2360, 2370, 2380, 2390, 2400,
       2410, 2420, 2430, 2440, 2450, 2460, 2470, 2480, 2490, 2500, 2510,
       2520, 2530, 2540, 2550, 2560, 2570, 2580, 2590, 2600, 2610, 2620,
       2630, 2640, 2650, 2660, 2670, 2680, 2690, 2700, 2710, 2720, 2730,
       2740, 2750, 2760, 2770, 2780, 2790, 2800, 2810, 2820, 2830, 2840,
       2850, 2860, 2870, 2880, 2890, 2900, 2910, 2920, 2930, 2940, 2950,
       2960, 2970, 2980, 2990, 3000, 3010, 3020, 3030, 3040, 3050, 3060,
       3070, 3080, 3090, 3100, 3110, 3120, 3130, 3140, 3150, 3160, 3170,
       3180, 3190, 3200, 3210, 3220, 3230, 3240, 3250, 3260, 3270, 3280,
       3290, 3300, 3310, 3320, 3330, 3340, 3350, 3360, 3370, 3380, 3390,
       3400, 3410, 3420, 3430, 3440, 3450, 3460, 3470, 3480, 3490, 3500,
       3510, 3520, 3530, 3540, 3550, 3560, 3570, 3580, 3590, 3600, 3610,
       3620, 3630, 3640, 3650, 3660, 3670, 3680, 3690, 3700, 3710, 3720,
       3730, 3740, 3750, 3760, 3770, 3780, 3790, 3800, 3810, 3820, 3830,
       3840, 3850, 3860, 3870, 3880, 3890, 3900, 3910, 3920, 3930, 3940,
       3950, 3960, 3970, 3980, 3990, 4000, 4010, 4020, 4030, 4040, 4050,
       4060, 4070, 4080, 4090, 4100, 4110, 4120, 4130, 4140, 4150, 4160,
       4170, 4180, 4190, 4200, 4210, 4220, 4230, 4240, 4250, 4260, 4270,
       4280, 4290, 4300, 4310, 4320, 4330, 4340, 4350, 4360, 4370, 4380,
       4390, 4400, 4410, 4420, 4430, 4440, 4450, 4460, 4470, 4480, 4490,
       4500, 4510, 4520, 4530, 4540, 4550, 4560, 4570, 4580, 4590, 4600,
       4610, 4620, 4630, 4640])}, 'LR': {'penalty': ['l1', 'l2'], 'C': [0.0625, 0.125, 0.25, 0.5, 1.0, 2.0, 4.0, 8.0, 16.0]}, 'SVC': {'C': [0.0625, 0.125, 0.25, 0.5, 1.0, 2.0, 4.0, 8.0, 16.0], 'gamma': [0.0625, 0.125, 0.25, 0.5, 1.0, 2.0, 4.0, 8.0, 16.0]}, 'LinSVC': {'C': [0.0625, 0.125, 0.25, 0.5, 1.0, 2.0, 4.0, 8.0, 16.0]}}
2013-08-26 11:24:30.961791 : SVC(C=1.0, cache_size=200, class_weight=None, coef0=0.0, degree=3, gamma=0.0,
  kernel=rbf, probability=False, shrinking=True, tol=0.001, verbose=False)
2013-08-26 11:24:30.961966 : Running CV
